2023-07-21 21:50:35,130 - alexnet_cifar10.py - INFO: 10 clients building datasets.
2023-07-21 21:50:35,131 - alexnet_cifar10.py - INFO: 0 client has 5000 data items.
2023-07-21 21:50:35,131 - alexnet_cifar10.py - INFO: 1 client has 5000 data items.
2023-07-21 21:50:35,131 - alexnet_cifar10.py - INFO: 2 client has 5000 data items.
2023-07-21 21:50:35,132 - alexnet_cifar10.py - INFO: 3 client has 5000 data items.
2023-07-21 21:50:35,132 - alexnet_cifar10.py - INFO: 4 client has 5000 data items.
2023-07-21 21:50:35,132 - alexnet_cifar10.py - INFO: 5 client has 5000 data items.
2023-07-21 21:50:35,133 - alexnet_cifar10.py - INFO: 6 client has 5000 data items.
2023-07-21 21:50:35,133 - alexnet_cifar10.py - INFO: 7 client has 5000 data items.
2023-07-21 21:50:35,133 - alexnet_cifar10.py - INFO: 8 client has 5000 data items.
2023-07-21 21:50:35,134 - alexnet_cifar10.py - INFO: 9 client has 5000 data items.
2023-07-21 21:50:37,435 - alexnet_cifar10.py - INFO: 
---------epoch 0 batch1,10 clients are in federated training

2023-07-21 21:50:37,436 - alexnet_cifar10.py - INFO: mode = hash_encrypt parallel_mode = pool
2023-07-21 21:50:39,641 - alexnet_cifar10.py - INFO: train_time:2.20400
2023-07-21 21:50:40,757 - alexnet_cifar10.py - INFO: 量化时间：1.040470
2023-07-21 21:50:42,009 - alexnet_cifar10.py - INFO: 加密梯度时间：1.252276
2023-07-21 21:50:42,426 - genernal.py - INFO: 全局梯度大小:_size 5.94 GB
2023-07-21 21:50:42,427 - alexnet_cifar10.py - INFO: 聚集时间：0.418188
2023-07-21 21:50:42,556 - alexnet_cifar10.py - INFO: 解密时间：0.129087
2023-07-21 21:50:42,965 - alexnet_cifar10.py - INFO: 去量化时间：0.407711
2023-07-21 21:50:43,443 - alexnet_cifar10.py - INFO: loss: 2.310180830955505 	 elapsed time: 3.6545844078063965
2023-07-21 21:50:43,965 - alexnet_cifar10.py - INFO: Plaintext_size 47.72 MB
2023-07-21 21:50:43,965 - alexnet_cifar10.py - INFO: Ciphertext_size 59.35 MB
2023-07-21 21:50:43,975 - alexnet_cifar10.py - INFO: 
---------epoch 0 batch2,10 clients are in federated training

2023-07-21 21:50:43,976 - alexnet_cifar10.py - INFO: mode = hash_encrypt parallel_mode = pool
2023-07-21 21:50:46,242 - alexnet_cifar10.py - INFO: train_time:2.25981
2023-07-21 21:50:47,506 - alexnet_cifar10.py - INFO: 量化时间：1.186595
