2023-05-26 22:14:13,931 - unet2d_skin.py - INFO: 4 clients building datasets.
2023-05-26 22:14:13,932 - unet2d_skin.py - INFO: 0 client has 453 data items.
2023-05-26 22:14:13,932 - unet2d_skin.py - INFO: 1 client has 453 data items.
2023-05-26 22:14:13,932 - unet2d_skin.py - INFO: 2 client has 453 data items.
2023-05-26 22:14:13,932 - unet2d_skin.py - INFO: 3 client has 456 data items.
2023-05-26 22:14:17,381 - deprecation.py - WARNING: From /home/wjz/anaconda3/envs/fl/lib/python3.8/site-packages/tensorflow/python/autograph/pyct/static_analysis/liveness.py:83: Analyzer.lamba_check (from tensorflow.python.autograph.pyct.static_analysis.liveness) is deprecated and will be removed after 2023-09-23.
Instructions for updating:
Lambda fuctions will be no more assumed to be used in the statement where they are used, or at least in the same block. https://github.com/tensorflow/tensorflow/issues/56089
2023-05-26 22:14:18,879 - unet2d_skin.py - INFO: 
---------epoch 0 batch 1 step 0,4 clients are in federated training

2023-05-26 22:14:18,880 - unet2d_skin.py - INFO: mode = plain parallel_mode = pool
2023-05-26 22:14:23,995 - unet2d_skin.py - INFO: train_time:5.11476
2023-05-26 22:14:24,763 - unet2d_skin.py - INFO: aggregation finished in 0.136618
2023-05-26 22:14:25,665 - polymorphic_function.py - WARNING: 5 out of the last 5 calls to <function _BaseOptimizer._update_step_xla at 0x7f64fc3070d0> triggered tf.function retracing. Tracing is expensive and the excessive number of tracings could be due to (1) creating @tf.function repeatedly in a loop, (2) passing tensors with different shapes, (3) passing Python objects instead of tensors. For (1), please define your @tf.function outside of the loop. For (2), @tf.function has reduce_retracing=True option that can avoid unnecessary retracing. For (3), please refer to https://www.tensorflow.org/guide/function#controlling_retracing and https://www.tensorflow.org/api_docs/python/tf/function for  more details.
2023-05-26 22:14:25,806 - polymorphic_function.py - WARNING: 6 out of the last 6 calls to <function _BaseOptimizer._update_step_xla at 0x7f64fc3070d0> triggered tf.function retracing. Tracing is expensive and the excessive number of tracings could be due to (1) creating @tf.function repeatedly in a loop, (2) passing tensors with different shapes, (3) passing Python objects instead of tensors. For (1), please define your @tf.function outside of the loop. For (2), @tf.function has reduce_retracing=True option that can avoid unnecessary retracing. For (3), please refer to https://www.tensorflow.org/guide/function#controlling_retracing and https://www.tensorflow.org/api_docs/python/tf/function for  more details.
2023-05-26 22:14:30,491 - unet2d_skin.py - INFO: aggregate_loss: 0.6934104263782501 	 elapsed time: 0.1368718147277832
2023-05-26 22:14:37,568 - ops.py - WARNING: Tensor._shape is private, use Tensor.shape instead. Tensor._shape will eventually be removed.
2023-05-26 22:14:41,078 - ops.py - WARNING: Tensor._shape is private, use Tensor.shape instead. Tensor._shape will eventually be removed.
2023-05-26 22:14:45,169 - ops.py - WARNING: Tensor._shape is private, use Tensor.shape instead. Tensor._shape will eventually be removed.
2023-05-26 22:15:03,332 - ops.py - WARNING: Tensor._shape is private, use Tensor.shape instead. Tensor._shape will eventually be removed.
2023-05-26 22:15:06,464 - ops.py - WARNING: Tensor._shape is private, use Tensor.shape instead. Tensor._shape will eventually be removed.
2023-05-26 22:15:09,655 - ops.py - WARNING: Tensor._shape is private, use Tensor.shape instead. Tensor._shape will eventually be removed.
2023-05-26 22:15:12,452 - ops.py - WARNING: Tensor._shape is private, use Tensor.shape instead. Tensor._shape will eventually be removed.
2023-05-26 22:15:15,727 - ops.py - WARNING: Tensor._shape is private, use Tensor.shape instead. Tensor._shape will eventually be removed.
2023-05-26 22:15:56,494 - ops.py - WARNING: Tensor._shape is private, use Tensor.shape instead. Tensor._shape will eventually be removed.
