2023-06-30 20:06:08,985 - alexnet_cifar10.py - INFO: 10 clients building datasets.
2023-06-30 20:06:08,986 - alexnet_cifar10.py - INFO: 0 client has 5000 data items.
2023-06-30 20:06:08,986 - alexnet_cifar10.py - INFO: 1 client has 5000 data items.
2023-06-30 20:06:08,987 - alexnet_cifar10.py - INFO: 2 client has 5000 data items.
2023-06-30 20:06:08,987 - alexnet_cifar10.py - INFO: 3 client has 5000 data items.
2023-06-30 20:06:08,987 - alexnet_cifar10.py - INFO: 4 client has 5000 data items.
2023-06-30 20:06:08,988 - alexnet_cifar10.py - INFO: 5 client has 5000 data items.
2023-06-30 20:06:08,988 - alexnet_cifar10.py - INFO: 6 client has 5000 data items.
2023-06-30 20:06:08,989 - alexnet_cifar10.py - INFO: 7 client has 5000 data items.
2023-06-30 20:06:08,989 - alexnet_cifar10.py - INFO: 8 client has 5000 data items.
2023-06-30 20:06:08,989 - alexnet_cifar10.py - INFO: 9 client has 5000 data items.
2023-06-30 20:06:11,733 - alexnet_cifar10.py - INFO: 
---------epoch 0 batch1,10 clients are in federated training

2023-06-30 20:06:11,734 - alexnet_cifar10.py - INFO: mode = batch parallel_mode = pool
2023-06-30 20:06:15,696 - alexnet_cifar10.py - INFO: train_time:3.96184
2023-06-30 20:06:16,640 - alexnet_cifar10.py - INFO: 量化时间：0.879511
2023-06-30 20:06:19,027 - alexnet_cifar10.py - INFO: 批处理时间：2.387732
2023-06-30 20:06:39,750 - alexnet_cifar10.py - INFO: 加密梯度时间：20.722667
2023-06-30 20:06:39,751 - alexnet_cifar10.py - INFO: 聚集时间：0.000167
2023-06-30 20:06:58,634 - alexnet_cifar10.py - INFO: 解密时间：18.883395
2023-06-30 20:06:58,894 - alexnet_cifar10.py - INFO: 去量化时间：0.259925
2023-06-30 20:06:59,516 - polymorphic_function.py - WARNING: 5 out of the last 5 calls to <function _BaseOptimizer._update_step_xla at 0x7f6454c0f1f0> triggered tf.function retracing. Tracing is expensive and the excessive number of tracings could be due to (1) creating @tf.function repeatedly in a loop, (2) passing tensors with different shapes, (3) passing Python objects instead of tensors. For (1), please define your @tf.function outside of the loop. For (2), @tf.function has reduce_retracing=True option that can avoid unnecessary retracing. For (3), please refer to https://www.tensorflow.org/guide/function#controlling_retracing and https://www.tensorflow.org/api_docs/python/tf/function for  more details.
2023-06-30 20:06:59,612 - polymorphic_function.py - WARNING: 6 out of the last 6 calls to <function _BaseOptimizer._update_step_xla at 0x7f6454c0f1f0> triggered tf.function retracing. Tracing is expensive and the excessive number of tracings could be due to (1) creating @tf.function repeatedly in a loop, (2) passing tensors with different shapes, (3) passing Python objects instead of tensors. For (1), please define your @tf.function outside of the loop. For (2), @tf.function has reduce_retracing=True option that can avoid unnecessary retracing. For (3), please refer to https://www.tensorflow.org/guide/function#controlling_retracing and https://www.tensorflow.org/api_docs/python/tf/function for  more details.
2023-06-30 20:07:00,107 - alexnet_cifar10.py - INFO: loss: 2.316412615776062 	 elapsed time: 43.28465294837952
2023-06-30 20:07:00,243 - alexnet_cifar10.py - INFO: Plaintext_size 47.72 MB
2023-06-30 20:07:00,243 - alexnet_cifar10.py - INFO: Ciphertext_size 62.24 MB
2023-06-30 20:07:00,272 - alexnet_cifar10.py - INFO: 
---------epoch 0 batch2,10 clients are in federated training

2023-06-30 20:07:00,272 - alexnet_cifar10.py - INFO: mode = batch parallel_mode = pool
2023-06-30 20:07:00,453 - alexnet_cifar10.py - INFO: train_time:0.18017
2023-06-30 20:07:01,571 - alexnet_cifar10.py - INFO: 量化时间：1.040086
2023-06-30 20:07:03,861 - alexnet_cifar10.py - INFO: 批处理时间：2.289311
2023-06-30 20:07:25,194 - alexnet_cifar10.py - INFO: 加密梯度时间：21.333235
2023-06-30 20:07:25,243 - alexnet_cifar10.py - INFO: 聚集时间：0.048327
2023-06-30 20:07:44,366 - alexnet_cifar10.py - INFO: 解密时间：19.123564
2023-06-30 20:07:44,640 - alexnet_cifar10.py - INFO: 去量化时间：0.272820
2023-06-30 20:07:44,854 - alexnet_cifar10.py - INFO: loss: 2.309469223022461 	 elapsed time: 44.272865533828735
2023-06-30 20:07:44,876 - alexnet_cifar10.py - INFO: Plaintext_size 95.44 MB
2023-06-30 20:07:44,876 - alexnet_cifar10.py - INFO: Ciphertext_size 124.49 MB
2023-06-30 20:07:44,880 - alexnet_cifar10.py - INFO: 
---------epoch 0 batch3,10 clients are in federated training

2023-06-30 20:07:44,880 - alexnet_cifar10.py - INFO: mode = batch parallel_mode = pool
2023-06-30 20:07:45,142 - alexnet_cifar10.py - INFO: train_time:0.26080
2023-06-30 20:07:46,109 - alexnet_cifar10.py - INFO: 量化时间：0.907950
2023-06-30 20:07:48,553 - alexnet_cifar10.py - INFO: 批处理时间：2.443970
2023-06-30 20:08:08,254 - alexnet_cifar10.py - INFO: 加密梯度时间：19.701199
2023-06-30 20:08:08,297 - alexnet_cifar10.py - INFO: 聚集时间：0.043186
2023-06-30 20:08:27,157 - alexnet_cifar10.py - INFO: 解密时间：18.859678
2023-06-30 20:08:27,416 - alexnet_cifar10.py - INFO: 去量化时间：0.258034
2023-06-30 20:08:27,691 - alexnet_cifar10.py - INFO: loss: 2.304896974563599 	 elapsed time: 42.43903565406799
2023-06-30 20:08:27,714 - alexnet_cifar10.py - INFO: Plaintext_size 143.16 MB
2023-06-30 20:08:27,714 - alexnet_cifar10.py - INFO: Ciphertext_size 186.73 MB
2023-06-30 20:08:27,729 - alexnet_cifar10.py - INFO: 
---------epoch 0 batch4,10 clients are in federated training

2023-06-30 20:08:27,729 - alexnet_cifar10.py - INFO: mode = batch parallel_mode = pool
2023-06-30 20:08:27,939 - alexnet_cifar10.py - INFO: train_time:0.20921
2023-06-30 20:08:28,855 - alexnet_cifar10.py - INFO: 量化时间：0.858265
2023-06-30 20:08:31,448 - alexnet_cifar10.py - INFO: 批处理时间：2.592837
2023-06-30 20:08:51,096 - alexnet_cifar10.py - INFO: 加密梯度时间：19.647365
2023-06-30 20:08:51,169 - alexnet_cifar10.py - INFO: 聚集时间：0.072971
2023-06-30 20:09:10,300 - alexnet_cifar10.py - INFO: 解密时间：19.124760
2023-06-30 20:09:10,578 - alexnet_cifar10.py - INFO: 去量化时间：0.277720
2023-06-30 20:09:10,747 - alexnet_cifar10.py - INFO: loss: 2.3031492471694945 	 elapsed time: 42.740389585494995
2023-06-30 20:09:10,758 - alexnet_cifar10.py - INFO: Plaintext_size 190.88 MB
2023-06-30 20:09:10,758 - alexnet_cifar10.py - INFO: Ciphertext_size 248.98 MB
2023-06-30 20:09:10,769 - alexnet_cifar10.py - INFO: 
---------epoch 0 batch5,10 clients are in federated training

2023-06-30 20:09:10,769 - alexnet_cifar10.py - INFO: mode = batch parallel_mode = pool
2023-06-30 20:09:10,951 - alexnet_cifar10.py - INFO: train_time:0.18160
2023-06-30 20:09:11,893 - alexnet_cifar10.py - INFO: 量化时间：0.870194
2023-06-30 20:09:14,368 - alexnet_cifar10.py - INFO: 批处理时间：2.474780
2023-06-30 20:09:33,985 - alexnet_cifar10.py - INFO: 加密梯度时间：19.616144
2023-06-30 20:09:34,071 - alexnet_cifar10.py - INFO: 聚集时间：0.086081
2023-06-30 20:09:53,145 - alexnet_cifar10.py - INFO: 解密时间：19.059179
2023-06-30 20:09:53,420 - alexnet_cifar10.py - INFO: 去量化时间：0.274802
2023-06-30 20:09:53,599 - alexnet_cifar10.py - INFO: loss: 2.3019329786300657 	 elapsed time: 42.55715870857239
2023-06-30 20:09:53,611 - alexnet_cifar10.py - INFO: Plaintext_size 238.60 MB
2023-06-30 20:09:53,611 - alexnet_cifar10.py - INFO: Ciphertext_size 311.22 MB
2023-06-30 20:09:53,615 - alexnet_cifar10.py - INFO: 
---------epoch 0 batch6,10 clients are in federated training

2023-06-30 20:09:53,616 - alexnet_cifar10.py - INFO: mode = batch parallel_mode = pool
2023-06-30 20:09:53,795 - alexnet_cifar10.py - INFO: train_time:0.17946
2023-06-30 20:09:54,766 - alexnet_cifar10.py - INFO: 量化时间：0.913653
2023-06-30 20:09:57,225 - alexnet_cifar10.py - INFO: 批处理时间：2.459573
2023-06-30 20:10:17,645 - alexnet_cifar10.py - INFO: 加密梯度时间：20.419550
2023-06-30 20:10:17,682 - alexnet_cifar10.py - INFO: 聚集时间：0.035774
2023-06-30 20:10:36,434 - alexnet_cifar10.py - INFO: 解密时间：18.751563
2023-06-30 20:10:36,710 - alexnet_cifar10.py - INFO: 去量化时间：0.276279
2023-06-30 20:10:36,903 - alexnet_cifar10.py - INFO: loss: 2.303977370262146 	 elapsed time: 43.0350067615509
2023-06-30 20:10:36,915 - alexnet_cifar10.py - INFO: Plaintext_size 286.33 MB
2023-06-30 20:10:36,915 - alexnet_cifar10.py - INFO: Ciphertext_size 373.46 MB
2023-06-30 20:10:36,936 - alexnet_cifar10.py - INFO: 
---------epoch 0 batch7,10 clients are in federated training

2023-06-30 20:10:36,937 - alexnet_cifar10.py - INFO: mode = batch parallel_mode = pool
2023-06-30 20:10:37,190 - alexnet_cifar10.py - INFO: train_time:0.25250
2023-06-30 20:10:38,160 - alexnet_cifar10.py - INFO: 量化时间：0.897212
2023-06-30 20:10:40,325 - alexnet_cifar10.py - INFO: 批处理时间：2.164285
2023-06-30 20:11:00,165 - alexnet_cifar10.py - INFO: 加密梯度时间：19.840332
2023-06-30 20:11:00,200 - alexnet_cifar10.py - INFO: 聚集时间：0.034304
2023-06-30 20:11:19,306 - alexnet_cifar10.py - INFO: 解密时间：19.105739
2023-06-30 20:11:19,626 - alexnet_cifar10.py - INFO: 去量化时间：0.319831
2023-06-30 20:11:19,833 - alexnet_cifar10.py - INFO: loss: 2.3029425859451296 	 elapsed time: 42.5528998374939
2023-06-30 20:11:19,845 - alexnet_cifar10.py - INFO: Plaintext_size 334.05 MB
2023-06-30 20:11:19,846 - alexnet_cifar10.py - INFO: Ciphertext_size 435.71 MB
2023-06-30 20:11:19,870 - alexnet_cifar10.py - INFO: 
---------epoch 0 batch8,10 clients are in federated training

2023-06-30 20:11:19,871 - alexnet_cifar10.py - INFO: mode = batch parallel_mode = pool
2023-06-30 20:11:20,035 - alexnet_cifar10.py - INFO: train_time:0.16362
2023-06-30 20:11:20,948 - alexnet_cifar10.py - INFO: 量化时间：0.842864
2023-06-30 20:11:23,167 - alexnet_cifar10.py - INFO: 批处理时间：2.218763
2023-06-30 20:11:42,861 - alexnet_cifar10.py - INFO: 加密梯度时间：19.693018
2023-06-30 20:11:42,905 - alexnet_cifar10.py - INFO: 聚集时间：0.043999
2023-06-30 20:12:02,328 - alexnet_cifar10.py - INFO: 解密时间：19.422781
2023-06-30 20:12:02,643 - alexnet_cifar10.py - INFO: 去量化时间：0.314785
2023-06-30 20:12:02,858 - alexnet_cifar10.py - INFO: loss: 2.3008150815963746 	 elapsed time: 42.721232414245605
2023-06-30 20:12:02,880 - alexnet_cifar10.py - INFO: Plaintext_size 381.77 MB
2023-06-30 20:12:02,881 - alexnet_cifar10.py - INFO: Ciphertext_size 497.95 MB
2023-06-30 20:12:02,900 - alexnet_cifar10.py - INFO: 
---------epoch 0 batch9,10 clients are in federated training

2023-06-30 20:12:02,901 - alexnet_cifar10.py - INFO: mode = batch parallel_mode = pool
2023-06-30 20:12:03,129 - alexnet_cifar10.py - INFO: train_time:0.22828
2023-06-30 20:12:04,133 - alexnet_cifar10.py - INFO: 量化时间：0.934921
2023-06-30 20:12:06,717 - alexnet_cifar10.py - INFO: 批处理时间：2.583953
2023-06-30 20:12:26,242 - alexnet_cifar10.py - INFO: 加密梯度时间：19.525208
2023-06-30 20:12:26,282 - alexnet_cifar10.py - INFO: 聚集时间：0.039248
2023-06-30 20:12:45,690 - alexnet_cifar10.py - INFO: 解密时间：19.408588
2023-06-30 20:12:45,967 - alexnet_cifar10.py - INFO: 去量化时间：0.275811
2023-06-30 20:12:46,140 - alexnet_cifar10.py - INFO: loss: 2.2998515605926513 	 elapsed time: 42.93127226829529
2023-06-30 20:12:46,150 - alexnet_cifar10.py - INFO: Plaintext_size 429.49 MB
2023-06-30 20:12:46,150 - alexnet_cifar10.py - INFO: Ciphertext_size 560.19 MB
2023-06-30 20:12:46,154 - alexnet_cifar10.py - INFO: 
---------epoch 0 batch10,10 clients are in federated training

2023-06-30 20:12:46,154 - alexnet_cifar10.py - INFO: mode = batch parallel_mode = pool
2023-06-30 20:12:46,309 - alexnet_cifar10.py - INFO: train_time:0.15474
2023-06-30 20:12:47,207 - alexnet_cifar10.py - INFO: 量化时间：0.844726
2023-06-30 20:12:49,729 - alexnet_cifar10.py - INFO: 批处理时间：2.521621
2023-06-30 20:13:10,795 - alexnet_cifar10.py - INFO: 加密梯度时间：21.065982
2023-06-30 20:13:10,830 - alexnet_cifar10.py - INFO: 聚集时间：0.034536
2023-06-30 20:13:30,203 - alexnet_cifar10.py - INFO: 解密时间：19.372268
2023-06-30 20:13:30,468 - alexnet_cifar10.py - INFO: 去量化时间：0.263888
2023-06-30 20:13:30,653 - alexnet_cifar10.py - INFO: loss: 2.302632689476013 	 elapsed time: 44.277687072753906
2023-06-30 20:13:30,663 - alexnet_cifar10.py - INFO: Plaintext_size 477.21 MB
2023-06-30 20:13:30,663 - alexnet_cifar10.py - INFO: Ciphertext_size 622.44 MB
2023-06-30 20:13:30,666 - alexnet_cifar10.py - INFO: 
---------epoch 0 batch11,10 clients are in federated training

2023-06-30 20:13:30,667 - alexnet_cifar10.py - INFO: mode = batch parallel_mode = pool
2023-06-30 20:13:30,823 - alexnet_cifar10.py - INFO: train_time:0.15537
2023-06-30 20:13:31,643 - alexnet_cifar10.py - INFO: 量化时间：0.764565
2023-06-30 20:13:34,238 - alexnet_cifar10.py - INFO: 批处理时间：2.594864
2023-06-30 20:13:53,757 - alexnet_cifar10.py - INFO: 加密梯度时间：19.518479
2023-06-30 20:13:53,794 - alexnet_cifar10.py - INFO: 聚集时间：0.036911
2023-06-30 20:14:13,064 - alexnet_cifar10.py - INFO: 解密时间：19.268992
2023-06-30 20:14:13,326 - alexnet_cifar10.py - INFO: 去量化时间：0.262324
2023-06-30 20:14:13,499 - alexnet_cifar10.py - INFO: loss: 2.3019542932510375 	 elapsed time: 42.60843586921692
2023-06-30 20:14:13,509 - alexnet_cifar10.py - INFO: Plaintext_size 524.93 MB
2023-06-30 20:14:13,509 - alexnet_cifar10.py - INFO: Ciphertext_size 684.68 MB
2023-06-30 20:14:13,514 - alexnet_cifar10.py - INFO: 
---------epoch 0 batch12,10 clients are in federated training

2023-06-30 20:14:13,515 - alexnet_cifar10.py - INFO: mode = batch parallel_mode = pool
2023-06-30 20:14:13,686 - alexnet_cifar10.py - INFO: train_time:0.17092
2023-06-30 20:14:14,524 - alexnet_cifar10.py - INFO: 量化时间：0.781421
2023-06-30 20:14:16,892 - alexnet_cifar10.py - INFO: 批处理时间：2.367666
2023-06-30 20:14:36,740 - alexnet_cifar10.py - INFO: 加密梯度时间：19.848102
2023-06-30 20:14:36,780 - alexnet_cifar10.py - INFO: 聚集时间：0.040360
2023-06-30 20:14:55,842 - alexnet_cifar10.py - INFO: 解密时间：19.061164
2023-06-30 20:14:56,136 - alexnet_cifar10.py - INFO: 去量化时间：0.293436
2023-06-30 20:14:56,308 - alexnet_cifar10.py - INFO: loss: 2.3019943475723266 	 elapsed time: 42.554535150527954
2023-06-30 20:14:56,325 - alexnet_cifar10.py - INFO: Plaintext_size 572.65 MB
2023-06-30 20:14:56,325 - alexnet_cifar10.py - INFO: Ciphertext_size 746.93 MB
2023-06-30 20:14:56,332 - alexnet_cifar10.py - INFO: 
---------epoch 0 batch13,10 clients are in federated training

2023-06-30 20:14:56,332 - alexnet_cifar10.py - INFO: mode = batch parallel_mode = pool
2023-06-30 20:14:56,487 - alexnet_cifar10.py - INFO: train_time:0.15415
2023-06-30 20:14:57,417 - alexnet_cifar10.py - INFO: 量化时间：0.869931
2023-06-30 20:14:59,542 - alexnet_cifar10.py - INFO: 批处理时间：2.124750
2023-06-30 20:15:19,254 - alexnet_cifar10.py - INFO: 加密梯度时间：19.712198
2023-06-30 20:15:19,291 - alexnet_cifar10.py - INFO: 聚集时间：0.036197
2023-06-30 20:15:38,486 - alexnet_cifar10.py - INFO: 解密时间：19.195420
2023-06-30 20:15:38,754 - alexnet_cifar10.py - INFO: 去量化时间：0.267504
2023-06-30 20:15:38,962 - alexnet_cifar10.py - INFO: loss: 2.303159713745117 	 elapsed time: 42.36797213554382
2023-06-30 20:15:38,984 - alexnet_cifar10.py - INFO: Plaintext_size 620.37 MB
2023-06-30 20:15:38,984 - alexnet_cifar10.py - INFO: Ciphertext_size 809.17 MB
2023-06-30 20:15:38,988 - alexnet_cifar10.py - INFO: 
---------epoch 0 batch14,10 clients are in federated training

2023-06-30 20:15:38,988 - alexnet_cifar10.py - INFO: mode = batch parallel_mode = pool
2023-06-30 20:15:39,205 - alexnet_cifar10.py - INFO: train_time:0.21608
2023-06-30 20:15:40,134 - alexnet_cifar10.py - INFO: 量化时间：0.870995
2023-06-30 20:15:42,541 - alexnet_cifar10.py - INFO: 批处理时间：2.406811
2023-06-30 20:16:02,414 - alexnet_cifar10.py - INFO: 加密梯度时间：19.871795
2023-06-30 20:16:02,453 - alexnet_cifar10.py - INFO: 聚集时间：0.037852
2023-06-30 20:16:21,608 - alexnet_cifar10.py - INFO: 解密时间：19.154490
2023-06-30 20:16:21,891 - alexnet_cifar10.py - INFO: 去量化时间：0.283048
2023-06-30 20:16:22,062 - alexnet_cifar10.py - INFO: loss: 2.3019541263580328 	 elapsed time: 42.78815150260925
2023-06-30 20:16:22,073 - alexnet_cifar10.py - INFO: Plaintext_size 668.09 MB
2023-06-30 20:16:22,073 - alexnet_cifar10.py - INFO: Ciphertext_size 871.41 MB
2023-06-30 20:16:22,082 - alexnet_cifar10.py - INFO: 
---------epoch 0 batch15,10 clients are in federated training

2023-06-30 20:16:22,082 - alexnet_cifar10.py - INFO: mode = batch parallel_mode = pool
2023-06-30 20:16:22,287 - alexnet_cifar10.py - INFO: train_time:0.20480
2023-06-30 20:16:23,124 - alexnet_cifar10.py - INFO: 量化时间：0.761888
2023-06-30 20:16:25,643 - alexnet_cifar10.py - INFO: 批处理时间：2.518838
2023-06-30 20:16:45,093 - alexnet_cifar10.py - INFO: 加密梯度时间：19.448815
2023-06-30 20:16:45,128 - alexnet_cifar10.py - INFO: 聚集时间：0.034981
2023-06-30 20:17:03,946 - alexnet_cifar10.py - INFO: 解密时间：18.817625
2023-06-30 20:17:04,430 - alexnet_cifar10.py - INFO: 去量化时间：0.483849
2023-06-30 20:17:04,667 - alexnet_cifar10.py - INFO: loss: 2.3020934820175167 	 elapsed time: 42.288384437561035
2023-06-30 20:17:04,678 - alexnet_cifar10.py - INFO: Plaintext_size 715.81 MB
2023-06-30 20:17:04,678 - alexnet_cifar10.py - INFO: Ciphertext_size 933.66 MB
2023-06-30 20:17:04,698 - alexnet_cifar10.py - INFO: 
---------epoch 0 batch16,10 clients are in federated training

2023-06-30 20:17:04,698 - alexnet_cifar10.py - INFO: mode = batch parallel_mode = pool
2023-06-30 20:17:04,886 - alexnet_cifar10.py - INFO: train_time:0.18378
2023-06-30 20:17:05,790 - alexnet_cifar10.py - INFO: 量化时间：0.829823
2023-06-30 20:17:08,077 - alexnet_cifar10.py - INFO: 批处理时间：2.286993
2023-06-30 20:17:28,786 - alexnet_cifar10.py - INFO: 加密梯度时间：20.707120
2023-06-30 20:17:28,832 - alexnet_cifar10.py - INFO: 聚集时间：0.046184
2023-06-30 20:17:48,048 - alexnet_cifar10.py - INFO: 解密时间：19.214773
2023-06-30 20:17:48,330 - alexnet_cifar10.py - INFO: 去量化时间：0.282380
2023-06-30 20:17:48,544 - alexnet_cifar10.py - INFO: loss: 2.301210618019104 	 elapsed time: 43.537667751312256
2023-06-30 20:17:48,567 - alexnet_cifar10.py - INFO: Plaintext_size 763.53 MB
2023-06-30 20:17:48,567 - alexnet_cifar10.py - INFO: Ciphertext_size 995.90 MB
2023-06-30 20:17:48,576 - alexnet_cifar10.py - INFO: 
---------epoch 0 batch17,10 clients are in federated training

2023-06-30 20:17:48,577 - alexnet_cifar10.py - INFO: mode = batch parallel_mode = pool
2023-06-30 20:17:48,776 - alexnet_cifar10.py - INFO: train_time:0.19756
2023-06-30 20:17:49,724 - alexnet_cifar10.py - INFO: 量化时间：0.874926
2023-06-30 20:17:52,045 - alexnet_cifar10.py - INFO: 批处理时间：2.320671
2023-06-30 20:18:12,002 - alexnet_cifar10.py - INFO: 加密梯度时间：19.955833
2023-06-30 20:18:12,039 - alexnet_cifar10.py - INFO: 聚集时间：0.037097
2023-06-30 20:18:31,267 - alexnet_cifar10.py - INFO: 解密时间：19.226988
2023-06-30 20:18:31,536 - alexnet_cifar10.py - INFO: 去量化时间：0.268808
2023-06-30 20:18:31,754 - alexnet_cifar10.py - INFO: loss: 2.301260566711426 	 elapsed time: 42.86113691329956
2023-06-30 20:18:31,785 - alexnet_cifar10.py - INFO: Plaintext_size 811.26 MB
2023-06-30 20:18:31,786 - alexnet_cifar10.py - INFO: Ciphertext_size 1.03 GB
2023-06-30 20:18:31,790 - alexnet_cifar10.py - INFO: 
---------epoch 0 batch18,10 clients are in federated training

2023-06-30 20:18:31,793 - alexnet_cifar10.py - INFO: mode = batch parallel_mode = pool
2023-06-30 20:18:32,018 - alexnet_cifar10.py - INFO: train_time:0.22404
2023-06-30 20:18:33,005 - alexnet_cifar10.py - INFO: 量化时间：0.925567
2023-06-30 20:18:35,208 - alexnet_cifar10.py - INFO: 批处理时间：2.202834
2023-06-30 20:18:55,005 - alexnet_cifar10.py - INFO: 加密梯度时间：19.796702
2023-06-30 20:18:55,042 - alexnet_cifar10.py - INFO: 聚集时间：0.036547
2023-06-30 20:19:13,995 - alexnet_cifar10.py - INFO: 解密时间：18.952662
2023-06-30 20:19:14,320 - alexnet_cifar10.py - INFO: 去量化时间：0.325226
2023-06-30 20:19:14,551 - alexnet_cifar10.py - INFO: loss: 2.302496647834778 	 elapsed time: 42.42212152481079
2023-06-30 20:19:14,577 - alexnet_cifar10.py - INFO: Plaintext_size 858.98 MB
2023-06-30 20:19:14,577 - alexnet_cifar10.py - INFO: Ciphertext_size 1.09 GB
2023-06-30 20:19:14,598 - alexnet_cifar10.py - INFO: 
---------epoch 0 batch19,10 clients are in federated training

2023-06-30 20:19:14,600 - alexnet_cifar10.py - INFO: mode = batch parallel_mode = pool
2023-06-30 20:19:14,824 - alexnet_cifar10.py - INFO: train_time:0.22184
2023-06-30 20:19:15,723 - alexnet_cifar10.py - INFO: 量化时间：0.836621
2023-06-30 20:19:18,039 - alexnet_cifar10.py - INFO: 批处理时间：2.315427
2023-06-30 20:19:37,846 - alexnet_cifar10.py - INFO: 加密梯度时间：19.807116
2023-06-30 20:19:37,890 - alexnet_cifar10.py - INFO: 聚集时间：0.043264
2023-06-30 20:19:56,930 - alexnet_cifar10.py - INFO: 解密时间：19.040103
2023-06-30 20:19:57,238 - alexnet_cifar10.py - INFO: 去量化时间：0.307792
2023-06-30 20:19:57,462 - alexnet_cifar10.py - INFO: loss: 2.3012858867645267 	 elapsed time: 42.54068994522095
2023-06-30 20:19:57,486 - alexnet_cifar10.py - INFO: Plaintext_size 906.70 MB
2023-06-30 20:19:57,486 - alexnet_cifar10.py - INFO: Ciphertext_size 1.15 GB
2023-06-30 20:19:57,505 - alexnet_cifar10.py - INFO: 
---------epoch 0 batch20,10 clients are in federated training

2023-06-30 20:19:57,505 - alexnet_cifar10.py - INFO: mode = batch parallel_mode = pool
2023-06-30 20:19:57,703 - alexnet_cifar10.py - INFO: train_time:0.19674
2023-06-30 20:19:58,746 - alexnet_cifar10.py - INFO: 量化时间：0.980670
2023-06-30 20:20:00,994 - alexnet_cifar10.py - INFO: 批处理时间：2.247716
2023-06-30 20:20:20,930 - alexnet_cifar10.py - INFO: 加密梯度时间：19.935755
2023-06-30 20:20:20,965 - alexnet_cifar10.py - INFO: 聚集时间：0.035310
2023-06-30 20:20:40,114 - alexnet_cifar10.py - INFO: 解密时间：19.148215
2023-06-30 20:20:40,398 - alexnet_cifar10.py - INFO: 去量化时间：0.283789
2023-06-30 20:20:40,586 - alexnet_cifar10.py - INFO: loss: 2.3023114919662477 	 elapsed time: 42.80589580535889
2023-06-30 20:20:40,598 - alexnet_cifar10.py - INFO: Plaintext_size 954.42 MB
2023-06-30 20:20:40,598 - alexnet_cifar10.py - INFO: Ciphertext_size 1.22 GB
2023-06-30 20:20:40,603 - alexnet_cifar10.py - INFO: 
---------epoch 0 batch21,10 clients are in federated training

2023-06-30 20:20:40,604 - alexnet_cifar10.py - INFO: mode = batch parallel_mode = pool
2023-06-30 20:20:40,776 - alexnet_cifar10.py - INFO: train_time:0.17188
2023-06-30 20:20:41,797 - alexnet_cifar10.py - INFO: 量化时间：0.950829
2023-06-30 20:20:43,742 - alexnet_cifar10.py - INFO: 批处理时间：1.945660
2023-06-30 20:21:03,691 - alexnet_cifar10.py - INFO: 加密梯度时间：19.948106
2023-06-30 20:21:03,728 - alexnet_cifar10.py - INFO: 聚集时间：0.036810
2023-06-30 20:21:22,278 - alexnet_cifar10.py - INFO: 解密时间：18.549511
2023-06-30 20:21:22,547 - alexnet_cifar10.py - INFO: 去量化时间：0.269164
2023-06-30 20:21:22,768 - alexnet_cifar10.py - INFO: loss: 2.3026414871215826 	 elapsed time: 41.876089096069336
2023-06-30 20:21:22,791 - alexnet_cifar10.py - INFO: Plaintext_size 1002.14 MB
2023-06-30 20:21:22,791 - alexnet_cifar10.py - INFO: Ciphertext_size 1.28 GB
2023-06-30 20:21:22,793 - alexnet_cifar10.py - INFO: 
---------epoch 0 batch22,10 clients are in federated training

2023-06-30 20:21:22,793 - alexnet_cifar10.py - INFO: mode = batch parallel_mode = pool
2023-06-30 20:21:23,207 - alexnet_cifar10.py - INFO: train_time:0.41430
2023-06-30 20:21:24,259 - alexnet_cifar10.py - INFO: 量化时间：0.966667
2023-06-30 20:21:26,244 - alexnet_cifar10.py - INFO: 批处理时间：1.985222
2023-06-30 20:21:46,469 - alexnet_cifar10.py - INFO: 加密梯度时间：20.225017
2023-06-30 20:21:46,505 - alexnet_cifar10.py - INFO: 聚集时间：0.035940
2023-06-30 20:22:06,169 - alexnet_cifar10.py - INFO: 解密时间：19.663782
2023-06-30 20:22:06,498 - alexnet_cifar10.py - INFO: 去量化时间：0.328558
2023-06-30 20:22:06,723 - alexnet_cifar10.py - INFO: loss: 2.302057790756226 	 elapsed time: 43.399818897247314
2023-06-30 20:22:06,752 - alexnet_cifar10.py - INFO: Plaintext_size 1.03 GB
2023-06-30 20:22:06,752 - alexnet_cifar10.py - INFO: Ciphertext_size 1.34 GB
2023-06-30 20:22:06,771 - alexnet_cifar10.py - INFO: 
---------epoch 0 batch23,10 clients are in federated training

2023-06-30 20:22:06,771 - alexnet_cifar10.py - INFO: mode = batch parallel_mode = pool
2023-06-30 20:22:06,937 - alexnet_cifar10.py - INFO: train_time:0.16408
2023-06-30 20:22:07,715 - alexnet_cifar10.py - INFO: 量化时间：0.724383
2023-06-30 20:22:10,267 - alexnet_cifar10.py - INFO: 批处理时间：2.552276
2023-06-30 20:22:30,358 - alexnet_cifar10.py - INFO: 加密梯度时间：20.090315
2023-06-30 20:22:30,430 - alexnet_cifar10.py - INFO: 聚集时间：0.071257
2023-06-30 20:22:49,555 - alexnet_cifar10.py - INFO: 解密时间：19.116253
2023-06-30 20:22:49,849 - alexnet_cifar10.py - INFO: 去量化时间：0.293682
2023-06-30 20:22:50,055 - alexnet_cifar10.py - INFO: loss: 2.3022059440612797 	 elapsed time: 43.0170464515686
2023-06-30 20:22:50,079 - alexnet_cifar10.py - INFO: Plaintext_size 1.07 GB
2023-06-30 20:22:50,079 - alexnet_cifar10.py - INFO: Ciphertext_size 1.40 GB
2023-06-30 20:22:50,092 - alexnet_cifar10.py - INFO: 
---------epoch 0 batch24,10 clients are in federated training

2023-06-30 20:22:50,093 - alexnet_cifar10.py - INFO: mode = batch parallel_mode = pool
2023-06-30 20:22:50,289 - alexnet_cifar10.py - INFO: train_time:0.19591
2023-06-30 20:22:51,114 - alexnet_cifar10.py - INFO: 量化时间：0.767228
2023-06-30 20:22:53,477 - alexnet_cifar10.py - INFO: 批处理时间：2.363310
2023-06-30 20:23:13,715 - alexnet_cifar10.py - INFO: 加密梯度时间：20.237626
2023-06-30 20:23:13,756 - alexnet_cifar10.py - INFO: 聚集时间：0.040593
2023-06-30 20:23:33,314 - alexnet_cifar10.py - INFO: 解密时间：19.556399
2023-06-30 20:23:33,581 - alexnet_cifar10.py - INFO: 去量化时间：0.267036
2023-06-30 20:23:33,766 - alexnet_cifar10.py - INFO: loss: 2.302401876449585 	 elapsed time: 43.40547180175781
2023-06-30 20:23:33,777 - alexnet_cifar10.py - INFO: Plaintext_size 1.12 GB
2023-06-30 20:23:33,777 - alexnet_cifar10.py - INFO: Ciphertext_size 1.46 GB
2023-06-30 20:23:33,785 - alexnet_cifar10.py - INFO: 
---------epoch 0 batch25,10 clients are in federated training

2023-06-30 20:23:33,786 - alexnet_cifar10.py - INFO: mode = batch parallel_mode = pool
2023-06-30 20:23:33,943 - alexnet_cifar10.py - INFO: train_time:0.15575
2023-06-30 20:23:34,790 - alexnet_cifar10.py - INFO: 量化时间：0.778129
2023-06-30 20:23:37,359 - alexnet_cifar10.py - INFO: 批处理时间：2.568679
2023-06-30 20:23:57,744 - alexnet_cifar10.py - INFO: 加密梯度时间：20.384492
2023-06-30 20:23:57,781 - alexnet_cifar10.py - INFO: 聚集时间：0.036689
2023-06-30 20:24:16,806 - alexnet_cifar10.py - INFO: 解密时间：19.024873
2023-06-30 20:24:17,079 - alexnet_cifar10.py - INFO: 去量化时间：0.272926
2023-06-30 20:24:17,273 - alexnet_cifar10.py - INFO: loss: 2.3012580156326297 	 elapsed time: 43.2471022605896
2023-06-30 20:24:17,284 - alexnet_cifar10.py - INFO: Plaintext_size 1.17 GB
2023-06-30 20:24:17,284 - alexnet_cifar10.py - INFO: Ciphertext_size 1.52 GB
2023-06-30 20:24:17,288 - alexnet_cifar10.py - INFO: 
---------epoch 0 batch26,10 clients are in federated training

2023-06-30 20:24:17,288 - alexnet_cifar10.py - INFO: mode = batch parallel_mode = pool
2023-06-30 20:24:17,457 - alexnet_cifar10.py - INFO: train_time:0.16832
2023-06-30 20:24:18,370 - alexnet_cifar10.py - INFO: 量化时间：0.850746
2023-06-30 20:24:20,569 - alexnet_cifar10.py - INFO: 批处理时间：2.198652
2023-06-30 20:24:41,025 - alexnet_cifar10.py - INFO: 加密梯度时间：20.455718
2023-06-30 20:24:41,059 - alexnet_cifar10.py - INFO: 聚集时间：0.033887
2023-06-30 20:25:00,469 - alexnet_cifar10.py - INFO: 解密时间：19.410107
2023-06-30 20:25:00,829 - alexnet_cifar10.py - INFO: 去量化时间：0.349052
2023-06-30 20:25:01,034 - alexnet_cifar10.py - INFO: loss: 2.30218768119812 	 elapsed time: 43.50011610984802
2023-06-30 20:25:01,049 - alexnet_cifar10.py - INFO: Plaintext_size 1.21 GB
2023-06-30 20:25:01,050 - alexnet_cifar10.py - INFO: Ciphertext_size 1.58 GB
2023-06-30 20:25:01,076 - alexnet_cifar10.py - INFO: 
---------epoch 0 batch27,10 clients are in federated training

2023-06-30 20:25:01,077 - alexnet_cifar10.py - INFO: mode = batch parallel_mode = pool
2023-06-30 20:25:01,225 - alexnet_cifar10.py - INFO: train_time:0.14721
2023-06-30 20:25:02,028 - alexnet_cifar10.py - INFO: 量化时间：0.744028
2023-06-30 20:25:04,152 - alexnet_cifar10.py - INFO: 批处理时间：2.124525
2023-06-30 20:25:24,195 - alexnet_cifar10.py - INFO: 加密梯度时间：20.041504
2023-06-30 20:25:24,228 - alexnet_cifar10.py - INFO: 聚集时间：0.033567
2023-06-30 20:25:43,820 - alexnet_cifar10.py - INFO: 解密时间：19.591938
2023-06-30 20:25:44,190 - alexnet_cifar10.py - INFO: 去量化时间：0.369162
2023-06-30 20:25:44,401 - alexnet_cifar10.py - INFO: loss: 2.302206492424011 	 elapsed time: 43.10537314414978
2023-06-30 20:25:44,411 - alexnet_cifar10.py - INFO: Plaintext_size 1.26 GB
2023-06-30 20:25:44,411 - alexnet_cifar10.py - INFO: Ciphertext_size 1.64 GB
2023-06-30 20:25:44,414 - alexnet_cifar10.py - INFO: 
---------epoch 0 batch28,10 clients are in federated training

2023-06-30 20:25:44,414 - alexnet_cifar10.py - INFO: mode = batch parallel_mode = pool
2023-06-30 20:25:44,567 - alexnet_cifar10.py - INFO: train_time:0.15254
2023-06-30 20:25:45,331 - alexnet_cifar10.py - INFO: 量化时间：0.711374
2023-06-30 20:25:47,776 - alexnet_cifar10.py - INFO: 批处理时间：2.445380
2023-06-30 20:26:07,891 - alexnet_cifar10.py - INFO: 加密梯度时间：20.114147
2023-06-30 20:26:07,930 - alexnet_cifar10.py - INFO: 聚集时间：0.039222
2023-06-30 20:26:27,457 - alexnet_cifar10.py - INFO: 解密时间：19.525975
2023-06-30 20:26:27,739 - alexnet_cifar10.py - INFO: 去量化时间：0.282420
2023-06-30 20:26:27,923 - alexnet_cifar10.py - INFO: loss: 2.3018161058425903 	 elapsed time: 43.28823685646057
2023-06-30 20:26:27,933 - alexnet_cifar10.py - INFO: Plaintext_size 1.30 GB
2023-06-30 20:26:27,934 - alexnet_cifar10.py - INFO: Ciphertext_size 1.70 GB
2023-06-30 20:26:27,938 - alexnet_cifar10.py - INFO: 
---------epoch 0 batch29,10 clients are in federated training

2023-06-30 20:26:27,938 - alexnet_cifar10.py - INFO: mode = batch parallel_mode = pool
2023-06-30 20:26:28,104 - alexnet_cifar10.py - INFO: train_time:0.16537
2023-06-30 20:26:28,963 - alexnet_cifar10.py - INFO: 量化时间：0.797227
2023-06-30 20:26:31,297 - alexnet_cifar10.py - INFO: 批处理时间：2.334073
