2023-06-24 19:39:05,493 - alexnet_cifar10.py - INFO: 11 clients building datasets.
2023-06-24 19:39:05,493 - alexnet_cifar10.py - INFO: 0 client has 4545 data items.
2023-06-24 19:39:05,494 - alexnet_cifar10.py - INFO: 1 client has 4545 data items.
2023-06-24 19:39:05,494 - alexnet_cifar10.py - INFO: 2 client has 4545 data items.
2023-06-24 19:39:05,494 - alexnet_cifar10.py - INFO: 3 client has 4545 data items.
2023-06-24 19:39:05,494 - alexnet_cifar10.py - INFO: 4 client has 4545 data items.
2023-06-24 19:39:05,494 - alexnet_cifar10.py - INFO: 5 client has 4545 data items.
2023-06-24 19:39:05,494 - alexnet_cifar10.py - INFO: 6 client has 4545 data items.
2023-06-24 19:39:05,494 - alexnet_cifar10.py - INFO: 7 client has 4545 data items.
2023-06-24 19:39:05,494 - alexnet_cifar10.py - INFO: 8 client has 4545 data items.
2023-06-24 19:39:05,495 - alexnet_cifar10.py - INFO: 9 client has 4545 data items.
2023-06-24 19:39:05,495 - alexnet_cifar10.py - INFO: 10 client has 4550 data items.
2023-06-24 19:39:07,905 - alexnet_cifar10.py - INFO: 
---------epoch 0 batch1,11 clients are in federated training

2023-06-24 19:39:07,905 - alexnet_cifar10.py - INFO: mode = hash_encrypt parallel_mode = pool
2023-06-24 19:39:10,861 - alexnet_cifar10.py - INFO: train_time:2.95563
2023-06-24 19:39:11,581 - alexnet_cifar10.py - INFO: 量化时间：0.656269
2023-06-24 19:39:12,879 - alexnet_cifar10.py - INFO: 加密梯度时间：1.297487
2023-06-24 19:39:13,296 - alexnet_cifar10.py - INFO: 聚集时间：0.416533
2023-06-24 19:39:13,410 - alexnet_cifar10.py - INFO: 解密时间：0.113982
2023-06-24 19:39:13,741 - alexnet_cifar10.py - INFO: 去量化时间：0.330651
2023-06-24 19:39:14,158 - polymorphic_function.py - WARNING: 5 out of the last 5 calls to <function _BaseOptimizer._update_step_xla at 0x7fdb8005c940> triggered tf.function retracing. Tracing is expensive and the excessive number of tracings could be due to (1) creating @tf.function repeatedly in a loop, (2) passing tensors with different shapes, (3) passing Python objects instead of tensors. For (1), please define your @tf.function outside of the loop. For (2), @tf.function has reduce_retracing=True option that can avoid unnecessary retracing. For (3), please refer to https://www.tensorflow.org/guide/function#controlling_retracing and https://www.tensorflow.org/api_docs/python/tf/function for  more details.
2023-06-24 19:39:14,251 - polymorphic_function.py - WARNING: 6 out of the last 6 calls to <function _BaseOptimizer._update_step_xla at 0x7fdb8005c940> triggered tf.function retracing. Tracing is expensive and the excessive number of tracings could be due to (1) creating @tf.function repeatedly in a loop, (2) passing tensors with different shapes, (3) passing Python objects instead of tensors. For (1), please define your @tf.function outside of the loop. For (2), @tf.function has reduce_retracing=True option that can avoid unnecessary retracing. For (3), please refer to https://www.tensorflow.org/guide/function#controlling_retracing and https://www.tensorflow.org/api_docs/python/tf/function for  more details.
2023-06-24 19:39:14,698 - alexnet_cifar10.py - INFO: loss: 2.3018200614235615 	 elapsed time: 2.816025972366333
2023-06-24 19:39:14,855 - alexnet_cifar10.py - INFO: 
---------epoch 0 batch2,11 clients are in federated training

2023-06-24 19:39:14,855 - alexnet_cifar10.py - INFO: mode = hash_encrypt parallel_mode = pool
2023-06-24 19:39:15,010 - alexnet_cifar10.py - INFO: train_time:0.15496
2023-06-24 19:39:15,785 - alexnet_cifar10.py - INFO: 量化时间：0.712336
