2023-06-30 16:52:15,718 - alexnet_cifar10.py - INFO: 10 clients building datasets.
2023-06-30 16:52:15,718 - alexnet_cifar10.py - INFO: 0 client has 5000 data items.
2023-06-30 16:52:15,719 - alexnet_cifar10.py - INFO: 1 client has 5000 data items.
2023-06-30 16:52:15,720 - alexnet_cifar10.py - INFO: 2 client has 5000 data items.
2023-06-30 16:52:15,720 - alexnet_cifar10.py - INFO: 3 client has 5000 data items.
2023-06-30 16:52:15,721 - alexnet_cifar10.py - INFO: 4 client has 5000 data items.
2023-06-30 16:52:15,721 - alexnet_cifar10.py - INFO: 5 client has 5000 data items.
2023-06-30 16:52:15,722 - alexnet_cifar10.py - INFO: 6 client has 5000 data items.
2023-06-30 16:52:15,727 - alexnet_cifar10.py - INFO: 7 client has 5000 data items.
2023-06-30 16:52:15,728 - alexnet_cifar10.py - INFO: 8 client has 5000 data items.
2023-06-30 16:52:15,728 - alexnet_cifar10.py - INFO: 9 client has 5000 data items.
2023-06-30 16:52:19,654 - alexnet_cifar10.py - INFO: 
---------epoch 0 batch1,10 clients are in federated training

2023-06-30 16:52:19,655 - alexnet_cifar10.py - INFO: mode = batch parallel_mode = pool
2023-06-30 16:52:41,110 - alexnet_cifar10.py - INFO: train_time:21.45561
2023-06-30 16:52:42,168 - alexnet_cifar10.py - INFO: 量化时间：0.982000
2023-06-30 16:52:44,306 - alexnet_cifar10.py - INFO: 批处理时间：2.138003
2023-06-30 16:53:14,319 - alexnet_cifar10.py - INFO: 加密梯度时间：30.013264
2023-06-30 16:53:14,319 - alexnet_cifar10.py - INFO: 聚集时间：0.000126
2023-06-30 16:53:37,140 - alexnet_cifar10.py - INFO: 解密时间：22.820134
2023-06-30 16:53:37,414 - alexnet_cifar10.py - INFO: 去量化时间：0.273067
2023-06-30 16:53:40,508 - polymorphic_function.py - WARNING: 5 out of the last 5 calls to <function _BaseOptimizer._update_step_xla at 0x7f95dae89160> triggered tf.function retracing. Tracing is expensive and the excessive number of tracings could be due to (1) creating @tf.function repeatedly in a loop, (2) passing tensors with different shapes, (3) passing Python objects instead of tensors. For (1), please define your @tf.function outside of the loop. For (2), @tf.function has reduce_retracing=True option that can avoid unnecessary retracing. For (3), please refer to https://www.tensorflow.org/guide/function#controlling_retracing and https://www.tensorflow.org/api_docs/python/tf/function for  more details.
2023-06-30 16:53:40,720 - polymorphic_function.py - WARNING: 6 out of the last 6 calls to <function _BaseOptimizer._update_step_xla at 0x7f95dae89160> triggered tf.function retracing. Tracing is expensive and the excessive number of tracings could be due to (1) creating @tf.function repeatedly in a loop, (2) passing tensors with different shapes, (3) passing Python objects instead of tensors. For (1), please define your @tf.function outside of the loop. For (2), @tf.function has reduce_retracing=True option that can avoid unnecessary retracing. For (3), please refer to https://www.tensorflow.org/guide/function#controlling_retracing and https://www.tensorflow.org/api_docs/python/tf/function for  more details.
2023-06-30 16:53:41,205 - alexnet_cifar10.py - INFO: loss: 2.3082611083984377 	 elapsed time: 56.35267949104309
2023-06-30 16:53:41,612 - alexnet_cifar10.py - INFO: Plaintext_size 47.72 MB
2023-06-30 16:53:41,612 - alexnet_cifar10.py - INFO: Ciphertext_size 60.86 MB
2023-06-30 16:53:41,624 - alexnet_cifar10.py - INFO: 
---------epoch 0 batch2,10 clients are in federated training

2023-06-30 16:53:41,625 - alexnet_cifar10.py - INFO: mode = batch parallel_mode = pool
2023-06-30 16:53:41,827 - alexnet_cifar10.py - INFO: train_time:0.19870
2023-06-30 16:53:42,856 - alexnet_cifar10.py - INFO: 量化时间：0.965950
2023-06-30 16:53:44,751 - alexnet_cifar10.py - INFO: 批处理时间：1.894622
2023-06-30 16:54:16,459 - alexnet_cifar10.py - INFO: 加密梯度时间：31.708230
2023-06-30 16:54:16,495 - alexnet_cifar10.py - INFO: 聚集时间：0.035352
2023-06-30 16:54:41,582 - alexnet_cifar10.py - INFO: 解密时间：25.086495
2023-06-30 16:54:41,841 - alexnet_cifar10.py - INFO: 去量化时间：0.258942
2023-06-30 16:54:41,987 - alexnet_cifar10.py - INFO: loss: 2.3034279823303225 	 elapsed time: 60.04737210273743
2023-06-30 16:54:42,011 - alexnet_cifar10.py - INFO: Plaintext_size 95.44 MB
2023-06-30 16:54:42,011 - alexnet_cifar10.py - INFO: Ciphertext_size 121.73 MB
2023-06-30 16:54:42,015 - alexnet_cifar10.py - INFO: 
---------epoch 0 batch3,10 clients are in federated training

2023-06-30 16:54:42,015 - alexnet_cifar10.py - INFO: mode = batch parallel_mode = pool
2023-06-30 16:54:42,238 - alexnet_cifar10.py - INFO: train_time:0.22282
2023-06-30 16:54:43,281 - alexnet_cifar10.py - INFO: 量化时间：0.996053
2023-06-30 16:54:45,355 - alexnet_cifar10.py - INFO: 批处理时间：2.073740
