2023-07-21 23:20:07,186 - alexnet_cifar10.py - INFO: 10 clients building datasets.
2023-07-21 23:20:07,187 - alexnet_cifar10.py - INFO: 0 client has 5000 data items.
2023-07-21 23:20:07,187 - alexnet_cifar10.py - INFO: 1 client has 5000 data items.
2023-07-21 23:20:07,187 - alexnet_cifar10.py - INFO: 2 client has 5000 data items.
2023-07-21 23:20:07,187 - alexnet_cifar10.py - INFO: 3 client has 5000 data items.
2023-07-21 23:20:07,188 - alexnet_cifar10.py - INFO: 4 client has 5000 data items.
2023-07-21 23:20:07,188 - alexnet_cifar10.py - INFO: 5 client has 5000 data items.
2023-07-21 23:20:07,188 - alexnet_cifar10.py - INFO: 6 client has 5000 data items.
2023-07-21 23:20:07,189 - alexnet_cifar10.py - INFO: 7 client has 5000 data items.
2023-07-21 23:20:07,189 - alexnet_cifar10.py - INFO: 8 client has 5000 data items.
2023-07-21 23:20:07,189 - alexnet_cifar10.py - INFO: 9 client has 5000 data items.
2023-07-21 23:20:08,519 - alexnet_cifar10.py - INFO: 
---------epoch 0 batch1,10 clients are in federated training

2023-07-21 23:20:08,520 - alexnet_cifar10.py - INFO: mode = hash_encrypt parallel_mode = pool
2023-07-21 23:20:10,525 - alexnet_cifar10.py - INFO: train_time:2.00525
2023-07-21 23:20:10,718 - alexnet_cifar10.py - INFO: 第一层加密随机数生成时间：0.192002
2023-07-21 23:20:11,787 - alexnet_cifar10.py - INFO: 量化时间：0.991567
2023-07-21 23:20:13,576 - alexnet_cifar10.py - INFO: 加密梯度时间：1.789589
2023-07-21 23:20:13,952 - genernal.py - INFO: 全局梯度大小:_size 5.94 GB
2023-07-21 23:20:13,953 - alexnet_cifar10.py - INFO: 聚集时间：0.376597
2023-07-21 23:20:14,075 - alexnet_cifar10.py - INFO: 解密时间：0.122001
2023-07-21 23:20:14,450 - alexnet_cifar10.py - INFO: 去量化时间：0.374997
2023-07-21 23:20:14,891 - alexnet_cifar10.py - INFO: loss: 2.304515814781189 	 elapsed time: 4.047356605529785
2023-07-21 23:20:15,352 - alexnet_cifar10.py - INFO: Plaintext_size 47.72 MB
2023-07-21 23:20:15,353 - alexnet_cifar10.py - INFO: Ciphertext_size 59.35 MB
2023-07-21 23:20:15,355 - alexnet_cifar10.py - INFO: 
---------epoch 0 batch2,10 clients are in federated training

2023-07-21 23:20:15,356 - alexnet_cifar10.py - INFO: mode = hash_encrypt parallel_mode = pool
2023-07-21 23:20:17,368 - alexnet_cifar10.py - INFO: train_time:2.00598
2023-07-21 23:20:17,565 - alexnet_cifar10.py - INFO: 第一层加密随机数生成时间：0.197002
