2023-07-21 23:04:01,380 - alexnet_cifar10.py - INFO: 10 clients building datasets.
2023-07-21 23:04:01,380 - alexnet_cifar10.py - INFO: 0 client has 5000 data items.
2023-07-21 23:04:01,380 - alexnet_cifar10.py - INFO: 1 client has 5000 data items.
2023-07-21 23:04:01,381 - alexnet_cifar10.py - INFO: 2 client has 5000 data items.
2023-07-21 23:04:01,381 - alexnet_cifar10.py - INFO: 3 client has 5000 data items.
2023-07-21 23:04:01,381 - alexnet_cifar10.py - INFO: 4 client has 5000 data items.
2023-07-21 23:04:01,381 - alexnet_cifar10.py - INFO: 5 client has 5000 data items.
2023-07-21 23:04:01,382 - alexnet_cifar10.py - INFO: 6 client has 5000 data items.
2023-07-21 23:04:01,383 - alexnet_cifar10.py - INFO: 7 client has 5000 data items.
2023-07-21 23:04:01,383 - alexnet_cifar10.py - INFO: 8 client has 5000 data items.
2023-07-21 23:04:01,383 - alexnet_cifar10.py - INFO: 9 client has 5000 data items.
2023-07-21 23:04:02,856 - alexnet_cifar10.py - INFO: 
---------epoch 0 batch1,10 clients are in federated training

2023-07-21 23:04:02,856 - alexnet_cifar10.py - INFO: mode = hash_encrypt parallel_mode = pool
2023-07-21 23:04:04,926 - alexnet_cifar10.py - INFO: train_time:2.07066
2023-07-21 23:04:05,120 - alexnet_cifar10.py - INFO: 第一层加密随机数生成时间：0.193000
2023-07-21 23:04:06,278 - alexnet_cifar10.py - INFO: 量化时间：1.087549
2023-07-21 23:04:08,086 - alexnet_cifar10.py - INFO: 加密梯度时间：1.808223
2023-07-21 23:04:08,462 - genernal.py - INFO: 全局梯度大小:_size 5.94 GB
2023-07-21 23:04:08,462 - alexnet_cifar10.py - INFO: 聚集时间：0.375998
2023-07-21 23:04:08,594 - alexnet_cifar10.py - INFO: 解密时间：0.130998
2023-07-21 23:04:08,981 - alexnet_cifar10.py - INFO: 去量化时间：0.386979
2023-07-21 23:04:09,446 - alexnet_cifar10.py - INFO: loss: 2.3035314798355104 	 elapsed time: 4.206745386123657
2023-07-21 23:04:09,941 - alexnet_cifar10.py - INFO: Plaintext_size 47.72 MB
2023-07-21 23:04:09,942 - alexnet_cifar10.py - INFO: Ciphertext_size 59.35 MB
2023-07-21 23:04:09,944 - alexnet_cifar10.py - INFO: 
---------epoch 0 batch2,10 clients are in federated training

2023-07-21 23:04:09,945 - alexnet_cifar10.py - INFO: mode = hash_encrypt parallel_mode = pool
2023-07-21 23:04:11,969 - alexnet_cifar10.py - INFO: train_time:2.01828
2023-07-21 23:04:12,170 - alexnet_cifar10.py - INFO: 第一层加密随机数生成时间：0.201000
2023-07-21 23:04:13,425 - alexnet_cifar10.py - INFO: 量化时间：1.178572
2023-07-21 23:04:15,347 - alexnet_cifar10.py - INFO: 加密梯度时间：1.921271
2023-07-21 23:04:15,728 - genernal.py - INFO: 全局梯度大小:_size 5.94 GB
2023-07-21 23:04:15,728 - alexnet_cifar10.py - INFO: 聚集时间：0.381000
2023-07-21 23:04:15,849 - alexnet_cifar10.py - INFO: 解密时间：0.121670
2023-07-21 23:04:16,227 - alexnet_cifar10.py - INFO: 去量化时间：0.378003
2023-07-21 23:04:16,661 - alexnet_cifar10.py - INFO: loss: 2.2977129936218263 	 elapsed time: 4.387513160705566
2023-07-21 23:04:17,137 - alexnet_cifar10.py - INFO: Plaintext_size 95.44 MB
2023-07-21 23:04:17,137 - alexnet_cifar10.py - INFO: Ciphertext_size 118.69 MB
2023-07-21 23:04:17,144 - alexnet_cifar10.py - INFO: 
---------epoch 0 batch3,10 clients are in federated training

2023-07-21 23:04:17,145 - alexnet_cifar10.py - INFO: mode = hash_encrypt parallel_mode = pool
2023-07-21 23:04:19,215 - alexnet_cifar10.py - INFO: train_time:2.06297
2023-07-21 23:04:19,413 - alexnet_cifar10.py - INFO: 第一层加密随机数生成时间：0.198002
2023-07-21 23:04:20,684 - alexnet_cifar10.py - INFO: 量化时间：1.203596
2023-07-21 23:04:22,635 - alexnet_cifar10.py - INFO: 加密梯度时间：1.949193
2023-07-21 23:04:23,013 - genernal.py - INFO: 全局梯度大小:_size 5.95 GB
2023-07-21 23:04:23,014 - alexnet_cifar10.py - INFO: 聚集时间：0.379614
2023-07-21 23:04:23,139 - alexnet_cifar10.py - INFO: 解密时间：0.125000
2023-07-21 23:04:23,533 - alexnet_cifar10.py - INFO: 去量化时间：0.393996
2023-07-21 23:04:23,958 - alexnet_cifar10.py - INFO: loss: 2.291148614883423 	 elapsed time: 4.4519476890563965
2023-07-21 23:04:24,461 - alexnet_cifar10.py - INFO: Plaintext_size 143.16 MB
2023-07-21 23:04:24,462 - alexnet_cifar10.py - INFO: Ciphertext_size 178.05 MB
2023-07-21 23:04:24,464 - alexnet_cifar10.py - INFO: 
---------epoch 0 batch4,10 clients are in federated training

2023-07-21 23:04:24,465 - alexnet_cifar10.py - INFO: mode = hash_encrypt parallel_mode = pool
