2023-06-30 16:38:13,180 - alexnet_cifar10.py - INFO: 10 clients building datasets.
2023-06-30 16:38:13,181 - alexnet_cifar10.py - INFO: 0 client has 5000 data items.
2023-06-30 16:38:13,181 - alexnet_cifar10.py - INFO: 1 client has 5000 data items.
2023-06-30 16:38:13,181 - alexnet_cifar10.py - INFO: 2 client has 5000 data items.
2023-06-30 16:38:13,181 - alexnet_cifar10.py - INFO: 3 client has 5000 data items.
2023-06-30 16:38:13,182 - alexnet_cifar10.py - INFO: 4 client has 5000 data items.
2023-06-30 16:38:13,182 - alexnet_cifar10.py - INFO: 5 client has 5000 data items.
2023-06-30 16:38:13,183 - alexnet_cifar10.py - INFO: 6 client has 5000 data items.
2023-06-30 16:38:13,183 - alexnet_cifar10.py - INFO: 7 client has 5000 data items.
2023-06-30 16:38:13,183 - alexnet_cifar10.py - INFO: 8 client has 5000 data items.
2023-06-30 16:38:13,183 - alexnet_cifar10.py - INFO: 9 client has 5000 data items.
2023-06-30 16:38:14,882 - alexnet_cifar10.py - INFO: 
---------epoch 0 batch1,10 clients are in federated training

2023-06-30 16:38:14,882 - alexnet_cifar10.py - INFO: mode = hash_encrypt parallel_mode = pool
2023-06-30 16:38:16,947 - alexnet_cifar10.py - INFO: train_time:2.06517
2023-06-30 16:38:18,078 - alexnet_cifar10.py - INFO: 量化时间：1.062152
2023-06-30 16:38:19,343 - alexnet_cifar10.py - INFO: 加密梯度时间：1.263574
2023-06-30 16:38:19,727 - alexnet_cifar10.py - INFO: 聚集时间：0.383550
2023-06-30 16:38:19,850 - alexnet_cifar10.py - INFO: 解密时间：0.123002
2023-06-30 16:38:20,230 - alexnet_cifar10.py - INFO: 去量化时间：0.379566
2023-06-30 16:38:20,670 - alexnet_cifar10.py - INFO: loss: 2.3086893558502197 	 elapsed time: 3.604865312576294
2023-06-30 16:38:21,154 - alexnet_cifar10.py - INFO: Plaintext_size 47.72 MB
2023-06-30 16:38:21,154 - alexnet_cifar10.py - INFO: Ciphertext_size 59.34 MB
2023-06-30 16:38:21,157 - alexnet_cifar10.py - INFO: 
---------epoch 0 batch2,10 clients are in federated training

2023-06-30 16:38:21,157 - alexnet_cifar10.py - INFO: mode = hash_encrypt parallel_mode = pool
2023-06-30 16:38:23,181 - alexnet_cifar10.py - INFO: train_time:2.01829
2023-06-30 16:38:24,391 - alexnet_cifar10.py - INFO: 量化时间：1.142466
2023-06-30 16:38:25,788 - alexnet_cifar10.py - INFO: 加密梯度时间：1.397699
2023-06-30 16:38:26,170 - alexnet_cifar10.py - INFO: 聚集时间：0.381646
2023-06-30 16:38:26,305 - alexnet_cifar10.py - INFO: 解密时间：0.134981
2023-06-30 16:38:26,703 - alexnet_cifar10.py - INFO: 去量化时间：0.398093
2023-06-30 16:38:27,162 - alexnet_cifar10.py - INFO: loss: 2.29321665763855 	 elapsed time: 3.890139102935791
2023-06-30 16:38:27,667 - alexnet_cifar10.py - INFO: Plaintext_size 95.44 MB
2023-06-30 16:38:27,667 - alexnet_cifar10.py - INFO: Ciphertext_size 118.69 MB
2023-06-30 16:38:27,679 - alexnet_cifar10.py - INFO: 
---------epoch 0 batch3,10 clients are in federated training

2023-06-30 16:38:27,681 - alexnet_cifar10.py - INFO: mode = hash_encrypt parallel_mode = pool
2023-06-30 16:38:29,917 - alexnet_cifar10.py - INFO: train_time:2.22643
2023-06-30 16:38:31,221 - alexnet_cifar10.py - INFO: 量化时间：1.235434
2023-06-30 16:38:32,593 - alexnet_cifar10.py - INFO: 加密梯度时间：1.371897
2023-06-30 16:38:32,959 - alexnet_cifar10.py - INFO: 聚集时间：0.366000
2023-06-30 16:38:33,084 - alexnet_cifar10.py - INFO: 解密时间：0.124998
2023-06-30 16:38:33,469 - alexnet_cifar10.py - INFO: 去量化时间：0.384554
2023-06-30 16:38:33,892 - alexnet_cifar10.py - INFO: loss: 2.286789631843567 	 elapsed time: 3.884878635406494
2023-06-30 16:38:34,354 - alexnet_cifar10.py - INFO: Plaintext_size 143.16 MB
2023-06-30 16:38:34,354 - alexnet_cifar10.py - INFO: Ciphertext_size 178.04 MB
2023-06-30 16:38:34,357 - alexnet_cifar10.py - INFO: 
---------epoch 0 batch4,10 clients are in federated training

2023-06-30 16:38:34,359 - alexnet_cifar10.py - INFO: mode = hash_encrypt parallel_mode = pool
