2023-06-30 13:12:11,382 - fcn_fminist.py - INFO: 
---------epoch 0 batch1,10 clients are in federated training

2023-06-30 13:12:11,383 - fcn_fminist.py - INFO: mode = hash_encrypt
2023-06-30 13:12:11,487 - fcn_fminist.py - INFO: train_time:0.10400
2023-06-30 13:12:11,564 - fcn_fminist.py - INFO: 量化时间：0.071997
2023-06-30 13:12:11,658 - fcn_fminist.py - INFO: 加密梯度时间：0.094000
2023-06-30 13:12:11,686 - fcn_fminist.py - INFO: 聚集时间：0.027002
2023-06-30 13:12:11,695 - fcn_fminist.py - INFO: 解密时间：0.009000
2023-06-30 13:12:11,729 - fcn_fminist.py - INFO: 去量化时间：0.032000
2023-06-30 13:12:11,791 - fcn_fminist.py - INFO: loss: 2.556895422935486 	 elapsed time: 0.2989957332611084
2023-06-30 13:12:11,809 - fcn_fminist.py - INFO: Plaintext_size 3.88 MB
2023-06-30 13:12:11,809 - fcn_fminist.py - INFO: Ciphertext_size 4.86 MB
2023-06-30 13:12:11,812 - fcn_fminist.py - INFO: 
---------epoch 0 batch2,10 clients are in federated training

2023-06-30 13:12:11,812 - fcn_fminist.py - INFO: mode = hash_encrypt
2023-06-30 13:12:11,878 - fcn_fminist.py - INFO: train_time:0.06500
2023-06-30 13:12:11,963 - fcn_fminist.py - INFO: 量化时间：0.080033
2023-06-30 13:12:12,067 - fcn_fminist.py - INFO: 加密梯度时间：0.103000
2023-06-30 13:12:12,089 - fcn_fminist.py - INFO: 聚集时间：0.022030
2023-06-30 13:12:12,099 - fcn_fminist.py - INFO: 解密时间：0.009001
2023-06-30 13:12:12,130 - fcn_fminist.py - INFO: 去量化时间：0.030000
2023-06-30 13:12:12,171 - fcn_fminist.py - INFO: loss: 2.277167010307312 	 elapsed time: 0.28800010681152344
2023-06-30 13:12:12,181 - fcn_fminist.py - INFO: Plaintext_size 7.77 MB
2023-06-30 13:12:12,181 - fcn_fminist.py - INFO: Ciphertext_size 9.71 MB
2023-06-30 13:12:12,186 - fcn_fminist.py - INFO: 
---------epoch 0 batch3,10 clients are in federated training

2023-06-30 13:12:12,187 - fcn_fminist.py - INFO: mode = hash_encrypt
2023-06-30 13:12:12,259 - fcn_fminist.py - INFO: train_time:0.07100
2023-06-30 13:12:12,336 - fcn_fminist.py - INFO: 量化时间：0.072997
2023-06-30 13:12:12,445 - fcn_fminist.py - INFO: 加密梯度时间：0.108565
2023-06-30 13:12:12,469 - fcn_fminist.py - INFO: 聚集时间：0.023000
2023-06-30 13:12:12,478 - fcn_fminist.py - INFO: 解密时间：0.009002
2023-06-30 13:12:12,510 - fcn_fminist.py - INFO: 去量化时间：0.030998
2023-06-30 13:12:12,552 - fcn_fminist.py - INFO: loss: 1.5489343643188478 	 elapsed time: 0.2895638942718506
2023-06-30 13:12:12,562 - fcn_fminist.py - INFO: Plaintext_size 11.65 MB
2023-06-30 13:12:12,562 - fcn_fminist.py - INFO: Ciphertext_size 14.57 MB
2023-06-30 13:12:12,564 - fcn_fminist.py - INFO: 
---------epoch 0 batch4,10 clients are in federated training

2023-06-30 13:12:12,565 - fcn_fminist.py - INFO: mode = hash_encrypt
2023-06-30 13:12:12,629 - fcn_fminist.py - INFO: train_time:0.06400
2023-06-30 13:12:12,707 - fcn_fminist.py - INFO: 量化时间：0.071995
2023-06-30 13:12:12,812 - fcn_fminist.py - INFO: 加密梯度时间：0.103005
2023-06-30 13:12:12,834 - fcn_fminist.py - INFO: 聚集时间：0.022002
2023-06-30 13:12:12,843 - fcn_fminist.py - INFO: 解密时间：0.007998
2023-06-30 13:12:12,875 - fcn_fminist.py - INFO: 去量化时间：0.031002
2023-06-30 13:12:12,919 - fcn_fminist.py - INFO: loss: 1.3576186060905457 	 elapsed time: 0.28299760818481445
2023-06-30 13:12:12,928 - fcn_fminist.py - INFO: Plaintext_size 15.53 MB
2023-06-30 13:12:12,929 - fcn_fminist.py - INFO: Ciphertext_size 19.43 MB
2023-06-30 13:12:12,932 - fcn_fminist.py - INFO: 
---------epoch 0 batch5,10 clients are in federated training

2023-06-30 13:12:12,933 - fcn_fminist.py - INFO: mode = hash_encrypt
2023-06-30 13:12:12,995 - fcn_fminist.py - INFO: train_time:0.06100
2023-06-30 13:12:13,075 - fcn_fminist.py - INFO: 量化时间：0.075999
2023-06-30 13:12:13,180 - fcn_fminist.py - INFO: 加密梯度时间：0.105000
2023-06-30 13:12:13,207 - fcn_fminist.py - INFO: 聚集时间：0.026004
2023-06-30 13:12:13,217 - fcn_fminist.py - INFO: 解密时间：0.009999
2023-06-30 13:12:13,246 - fcn_fminist.py - INFO: 去量化时间：0.028008
2023-06-30 13:12:13,286 - fcn_fminist.py - INFO: loss: 1.2376538753509523 	 elapsed time: 0.2869997024536133
2023-06-30 13:12:13,296 - fcn_fminist.py - INFO: Plaintext_size 19.42 MB
2023-06-30 13:12:13,296 - fcn_fminist.py - INFO: Ciphertext_size 24.29 MB
2023-06-30 13:12:13,298 - fcn_fminist.py - INFO: 
---------epoch 0 batch6,10 clients are in federated training

2023-06-30 13:12:13,299 - fcn_fminist.py - INFO: mode = hash_encrypt
2023-06-30 13:12:13,359 - fcn_fminist.py - INFO: train_time:0.06000
2023-06-30 13:12:13,435 - fcn_fminist.py - INFO: 量化时间：0.069711
2023-06-30 13:12:13,535 - fcn_fminist.py - INFO: 加密梯度时间：0.100005
2023-06-30 13:12:13,559 - fcn_fminist.py - INFO: 聚集时间：0.023996
2023-06-30 13:12:13,568 - fcn_fminist.py - INFO: 解密时间：0.008999
2023-06-30 13:12:13,599 - fcn_fminist.py - INFO: 去量化时间：0.030998
2023-06-30 13:12:13,641 - fcn_fminist.py - INFO: loss: 1.0207459926605225 	 elapsed time: 0.2757115364074707
2023-06-30 13:12:13,652 - fcn_fminist.py - INFO: Plaintext_size 23.30 MB
2023-06-30 13:12:13,652 - fcn_fminist.py - INFO: Ciphertext_size 29.14 MB
2023-06-30 13:12:13,656 - fcn_fminist.py - INFO: 
---------epoch 0 batch7,10 clients are in federated training

2023-06-30 13:12:13,657 - fcn_fminist.py - INFO: mode = hash_encrypt
2023-06-30 13:12:13,720 - fcn_fminist.py - INFO: train_time:0.06299
2023-06-30 13:12:13,794 - fcn_fminist.py - INFO: 量化时间：0.069023
2023-06-30 13:12:13,895 - fcn_fminist.py - INFO: 加密梯度时间：0.099971
2023-06-30 13:12:13,918 - fcn_fminist.py - INFO: 聚集时间：0.022995
2023-06-30 13:12:13,928 - fcn_fminist.py - INFO: 解密时间：0.009000
2023-06-30 13:12:13,957 - fcn_fminist.py - INFO: 去量化时间：0.028999
2023-06-30 13:12:13,997 - fcn_fminist.py - INFO: loss: 0.9171512842178345 	 elapsed time: 0.27199625968933105
2023-06-30 13:12:14,006 - fcn_fminist.py - INFO: Plaintext_size 27.19 MB
2023-06-30 13:12:14,007 - fcn_fminist.py - INFO: Ciphertext_size 34.00 MB
2023-06-30 13:12:14,009 - fcn_fminist.py - INFO: 
---------epoch 0 batch8,10 clients are in federated training

2023-06-30 13:12:14,010 - fcn_fminist.py - INFO: mode = hash_encrypt
2023-06-30 13:12:14,069 - fcn_fminist.py - INFO: train_time:0.05900
2023-06-30 13:12:14,142 - fcn_fminist.py - INFO: 量化时间：0.068997
2023-06-30 13:12:14,251 - fcn_fminist.py - INFO: 加密梯度时间：0.108000
2023-06-30 13:12:14,274 - fcn_fminist.py - INFO: 聚集时间：0.023001
2023-06-30 13:12:14,283 - fcn_fminist.py - INFO: 解密时间：0.009000
2023-06-30 13:12:14,313 - fcn_fminist.py - INFO: 去量化时间：0.028999
2023-06-30 13:12:14,357 - fcn_fminist.py - INFO: loss: 0.8677881360054017 	 elapsed time: 0.2839968204498291
2023-06-30 13:12:14,367 - fcn_fminist.py - INFO: Plaintext_size 31.07 MB
2023-06-30 13:12:14,368 - fcn_fminist.py - INFO: Ciphertext_size 38.86 MB
2023-06-30 13:12:14,374 - fcn_fminist.py - INFO: 
---------epoch 0 batch9,10 clients are in federated training

2023-06-30 13:12:14,374 - fcn_fminist.py - INFO: mode = hash_encrypt
2023-06-30 13:12:14,443 - fcn_fminist.py - INFO: train_time:0.06800
2023-06-30 13:12:14,531 - fcn_fminist.py - INFO: 量化时间：0.084000
2023-06-30 13:12:14,633 - fcn_fminist.py - INFO: 加密梯度时间：0.101999
2023-06-30 13:12:14,658 - fcn_fminist.py - INFO: 聚集时间：0.024001
2023-06-30 13:12:14,668 - fcn_fminist.py - INFO: 解密时间：0.009001
2023-06-30 13:12:14,697 - fcn_fminist.py - INFO: 去量化时间：0.028000
2023-06-30 13:12:14,741 - fcn_fminist.py - INFO: loss: 0.8991938054561616 	 elapsed time: 0.29399991035461426
2023-06-30 13:12:14,750 - fcn_fminist.py - INFO: Plaintext_size 34.95 MB
2023-06-30 13:12:14,751 - fcn_fminist.py - INFO: Ciphertext_size 43.71 MB
2023-06-30 13:12:14,754 - fcn_fminist.py - INFO: 
---------epoch 0 batch10,10 clients are in federated training

2023-06-30 13:12:14,755 - fcn_fminist.py - INFO: mode = hash_encrypt
2023-06-30 13:12:14,822 - fcn_fminist.py - INFO: train_time:0.06700
2023-06-30 13:12:14,903 - fcn_fminist.py - INFO: 量化时间：0.076997
2023-06-30 13:12:15,004 - fcn_fminist.py - INFO: 加密梯度时间：0.101002
2023-06-30 13:12:15,028 - fcn_fminist.py - INFO: 聚集时间：0.023000
2023-06-30 13:12:15,039 - fcn_fminist.py - INFO: 解密时间：0.010000
2023-06-30 13:12:15,068 - fcn_fminist.py - INFO: 去量化时间：0.029005
2023-06-30 13:12:15,111 - fcn_fminist.py - INFO: loss: 0.7428925991058349 	 elapsed time: 0.28499579429626465
2023-06-30 13:12:15,121 - fcn_fminist.py - INFO: Plaintext_size 38.84 MB
2023-06-30 13:12:15,121 - fcn_fminist.py - INFO: Ciphertext_size 48.57 MB
2023-06-30 13:12:15,125 - fcn_fminist.py - INFO: 
---------epoch 0 batch11,10 clients are in federated training

2023-06-30 13:12:15,126 - fcn_fminist.py - INFO: mode = hash_encrypt
2023-06-30 13:12:15,193 - fcn_fminist.py - INFO: train_time:0.06600
2023-06-30 13:12:15,273 - fcn_fminist.py - INFO: 量化时间：0.074002
2023-06-30 13:12:15,369 - fcn_fminist.py - INFO: 加密梯度时间：0.095593
2023-06-30 13:12:15,394 - fcn_fminist.py - INFO: 聚集时间：0.023517
2023-06-30 13:12:15,404 - fcn_fminist.py - INFO: 解密时间：0.008973
2023-06-30 13:12:15,438 - fcn_fminist.py - INFO: 去量化时间：0.033001
2023-06-30 13:12:15,478 - fcn_fminist.py - INFO: loss: 0.7178842842578889 	 elapsed time: 0.2791759967803955
2023-06-30 13:12:15,489 - fcn_fminist.py - INFO: Plaintext_size 42.72 MB
2023-06-30 13:12:15,489 - fcn_fminist.py - INFO: Ciphertext_size 53.43 MB
2023-06-30 13:12:15,492 - fcn_fminist.py - INFO: 
---------epoch 0 batch12,10 clients are in federated training

2023-06-30 13:12:15,493 - fcn_fminist.py - INFO: mode = hash_encrypt
2023-06-30 13:12:15,552 - fcn_fminist.py - INFO: train_time:0.05886
2023-06-30 13:12:15,624 - fcn_fminist.py - INFO: 量化时间：0.067002
2023-06-30 13:12:15,721 - fcn_fminist.py - INFO: 加密梯度时间：0.096028
2023-06-30 13:12:15,746 - fcn_fminist.py - INFO: 聚集时间：0.023998
2023-06-30 13:12:15,757 - fcn_fminist.py - INFO: 解密时间：0.010002
2023-06-30 13:12:15,788 - fcn_fminist.py - INFO: 去量化时间：0.031001
