2023-06-30 15:39:03,353 - LSTM_Shakespeare.py - INFO: Length of text: 1115394 characters
2023-06-30 15:39:03,368 - LSTM_Shakespeare.py - INFO: 65 unique characters
2023-06-30 15:39:03,508 - LSTM_Shakespeare.py - INFO: {
2023-06-30 15:39:03,508 - LSTM_Shakespeare.py - INFO:   '\n':   0,
2023-06-30 15:39:03,509 - LSTM_Shakespeare.py - INFO:   ' ' :   1,
2023-06-30 15:39:03,509 - LSTM_Shakespeare.py - INFO:   '!' :   2,
2023-06-30 15:39:03,510 - LSTM_Shakespeare.py - INFO:   '$' :   3,
2023-06-30 15:39:03,510 - LSTM_Shakespeare.py - INFO:   '&' :   4,
2023-06-30 15:39:03,526 - LSTM_Shakespeare.py - INFO:   "'" :   5,
2023-06-30 15:39:03,527 - LSTM_Shakespeare.py - INFO:   ',' :   6,
2023-06-30 15:39:03,527 - LSTM_Shakespeare.py - INFO:   '-' :   7,
2023-06-30 15:39:03,528 - LSTM_Shakespeare.py - INFO:   '.' :   8,
2023-06-30 15:39:03,528 - LSTM_Shakespeare.py - INFO:   '3' :   9,
2023-06-30 15:39:03,528 - LSTM_Shakespeare.py - INFO:   ':' :  10,
2023-06-30 15:39:03,529 - LSTM_Shakespeare.py - INFO:   ';' :  11,
2023-06-30 15:39:03,529 - LSTM_Shakespeare.py - INFO:   '?' :  12,
2023-06-30 15:39:03,529 - LSTM_Shakespeare.py - INFO:   'A' :  13,
2023-06-30 15:39:03,530 - LSTM_Shakespeare.py - INFO:   'B' :  14,
2023-06-30 15:39:03,530 - LSTM_Shakespeare.py - INFO:   'C' :  15,
2023-06-30 15:39:03,530 - LSTM_Shakespeare.py - INFO:   'D' :  16,
2023-06-30 15:39:03,531 - LSTM_Shakespeare.py - INFO:   'E' :  17,
2023-06-30 15:39:03,531 - LSTM_Shakespeare.py - INFO:   'F' :  18,
2023-06-30 15:39:03,531 - LSTM_Shakespeare.py - INFO:   'G' :  19,
2023-06-30 15:39:03,532 - LSTM_Shakespeare.py - INFO:   ...
}
2023-06-30 15:39:03,533 - LSTM_Shakespeare.py - INFO: 'First Citizen' ---- characters mapped to int ---- > [18 47 56 57 58  1 15 47 58 47 64 43 52]
2023-06-30 15:39:03,670 - LSTM_Shakespeare.py - INFO: F
2023-06-30 15:39:03,671 - LSTM_Shakespeare.py - INFO: i
2023-06-30 15:39:03,671 - LSTM_Shakespeare.py - INFO: r
2023-06-30 15:39:03,672 - LSTM_Shakespeare.py - INFO: s
2023-06-30 15:39:03,673 - LSTM_Shakespeare.py - INFO: t
2023-06-30 15:39:03,693 - LSTM_Shakespeare.py - INFO: 'First Citizen:\nBefore we proceed any further, hear me speak.\n\nAll:\nSpeak, speak.\n\nFirst Citizen:\nYou '
2023-06-30 15:39:03,694 - LSTM_Shakespeare.py - INFO: 'are all resolved rather to die than to famish?\n\nAll:\nResolved. resolved.\n\nFirst Citizen:\nFirst, you k'
2023-06-30 15:39:03,695 - LSTM_Shakespeare.py - INFO: "now Caius Marcius is chief enemy to the people.\n\nAll:\nWe know't, we know't.\n\nFirst Citizen:\nLet us ki"
2023-06-30 15:39:03,696 - LSTM_Shakespeare.py - INFO: "ll him, and we'll have corn at our own price.\nIs't a verdict?\n\nAll:\nNo more talking on't; let it be d"
2023-06-30 15:39:03,697 - LSTM_Shakespeare.py - INFO: 'one: away, away!\n\nSecond Citizen:\nOne word, good citizens.\n\nFirst Citizen:\nWe are accounted poor citi'
2023-06-30 15:39:03,830 - LSTM_Shakespeare.py - INFO: Step    0
2023-06-30 15:39:03,831 - LSTM_Shakespeare.py - INFO:   input: 18 ('F')
2023-06-30 15:39:03,831 - LSTM_Shakespeare.py - INFO:   expected output: 47 ('i')
2023-06-30 15:39:03,832 - LSTM_Shakespeare.py - INFO: Step    1
2023-06-30 15:39:03,832 - LSTM_Shakespeare.py - INFO:   input: 47 ('i')
2023-06-30 15:39:03,833 - LSTM_Shakespeare.py - INFO:   expected output: 56 ('r')
2023-06-30 15:39:03,833 - LSTM_Shakespeare.py - INFO: Step    2
2023-06-30 15:39:03,834 - LSTM_Shakespeare.py - INFO:   input: 56 ('r')
2023-06-30 15:39:03,834 - LSTM_Shakespeare.py - INFO:   expected output: 57 ('s')
2023-06-30 15:39:03,835 - LSTM_Shakespeare.py - INFO: Step    3
2023-06-30 15:39:03,835 - LSTM_Shakespeare.py - INFO:   input: 57 ('s')
2023-06-30 15:39:03,836 - LSTM_Shakespeare.py - INFO:   expected output: 58 ('t')
2023-06-30 15:39:03,837 - LSTM_Shakespeare.py - INFO: Step    4
2023-06-30 15:39:03,837 - LSTM_Shakespeare.py - INFO:   input: 58 ('t')
2023-06-30 15:39:03,838 - LSTM_Shakespeare.py - INFO:   expected output: 1 (' ')
2023-06-30 15:39:03,843 - deprecation.py - WARNING: From e:/BaiduNetdiskDownload/backup_6_20/home/wjz/Efficient_Data_Processing_with_Symmetrically_Encrypted_Neural_Networks/LSTM_Shakespeare.py:153: is_gpu_available (from tensorflow.python.framework.test_util) is deprecated and will be removed in a future version.
Instructions for updating:
Use `tf.config.list_physical_devices('GPU')` instead.
2023-06-30 15:39:14,554 - LSTM_Shakespeare.py - INFO: 
---------epoch 0 batch1,10 clients are in federated training

2023-06-30 15:39:14,555 - LSTM_Shakespeare.py - INFO: mode = batch
2023-06-30 15:39:14,556 - LSTM_Shakespeare.py - INFO: 10 clients are in federated training
2023-06-30 15:39:35,352 - LSTM_Shakespeare.py - INFO: train_time:20.79604
2023-06-30 15:39:39,055 - LSTM_Shakespeare.py - INFO: 量化时间：3.429216
2023-06-30 15:39:55,105 - LSTM_Shakespeare.py - INFO: 批处理时间：16.050043
2023-06-30 15:40:52,801 - LSTM_Shakespeare.py - INFO: 加密梯度时间：57.695596
2023-06-30 15:40:52,814 - LSTM_Shakespeare.py - INFO: 聚集时间：0.012002
2023-06-30 15:41:00,008 - LSTM_Shakespeare.py - INFO: 解密时间：7.193948
2023-06-30 15:41:01,294 - LSTM_Shakespeare.py - INFO: 去量化时间：1.285786
2023-06-30 15:41:01,426 - LSTM_Shakespeare.py - INFO: loss: 0.4174964129924774 	elapsed time: 85.70259094238281
2023-06-30 15:41:01,427 - LSTM_Shakespeare.py - INFO: Plaintext_size 368.94 MB
2023-06-30 15:41:01,428 - LSTM_Shakespeare.py - INFO: Ciphertext_size 30.68 MB
2023-06-30 15:41:01,431 - LSTM_Shakespeare.py - INFO: 
---------epoch 0 batch2,10 clients are in federated training

2023-06-30 15:41:01,447 - LSTM_Shakespeare.py - INFO: mode = batch
2023-06-30 15:41:01,450 - LSTM_Shakespeare.py - INFO: 10 clients are in federated training
