2023-07-21 23:16:50,256 - alexnet_cifar10_signle.py - INFO: 10 clients building datasets.
2023-07-21 23:16:50,256 - alexnet_cifar10_signle.py - INFO: 0 client has 5000 data items.
2023-07-21 23:16:50,256 - alexnet_cifar10_signle.py - INFO: 1 client has 5000 data items.
2023-07-21 23:16:50,257 - alexnet_cifar10_signle.py - INFO: 2 client has 5000 data items.
2023-07-21 23:16:50,257 - alexnet_cifar10_signle.py - INFO: 3 client has 5000 data items.
2023-07-21 23:16:50,257 - alexnet_cifar10_signle.py - INFO: 4 client has 5000 data items.
2023-07-21 23:16:50,257 - alexnet_cifar10_signle.py - INFO: 5 client has 5000 data items.
2023-07-21 23:16:50,258 - alexnet_cifar10_signle.py - INFO: 6 client has 5000 data items.
2023-07-21 23:16:50,259 - alexnet_cifar10_signle.py - INFO: 7 client has 5000 data items.
2023-07-21 23:16:50,259 - alexnet_cifar10_signle.py - INFO: 8 client has 5000 data items.
2023-07-21 23:16:50,259 - alexnet_cifar10_signle.py - INFO: 9 client has 5000 data items.
2023-07-21 23:16:51,744 - alexnet_cifar10_signle.py - INFO: 
---------epoch 0 batch1,10 clients are in federated training

2023-07-21 23:16:51,745 - alexnet_cifar10_signle.py - INFO: mode = hash_encrypt parallel_mode = pool
2023-07-21 23:16:53,775 - alexnet_cifar10_signle.py - INFO: train_time:2.02927
2023-07-21 23:16:54,935 - alexnet_cifar10_signle.py - INFO: 量化时间：1.088587
2023-07-21 23:16:56,256 - alexnet_cifar10_signle.py - INFO: 加密梯度时间：1.319805
2023-07-21 23:16:56,670 - genernal.py - INFO: 全局梯度大小:_size 5.94 GB
2023-07-21 23:16:56,671 - alexnet_cifar10_signle.py - INFO: 聚集时间：0.415002
2023-07-21 23:16:56,795 - alexnet_cifar10_signle.py - INFO: 解密时间：0.123646
2023-07-21 23:16:57,185 - alexnet_cifar10_signle.py - INFO: 去量化时间：0.389002
2023-07-21 23:16:57,633 - alexnet_cifar10_signle.py - INFO: loss: 2.3049082279205324 	 elapsed time: 3.7370405197143555
2023-07-21 23:16:58,124 - alexnet_cifar10_signle.py - INFO: Plaintext_size 47.72 MB
2023-07-21 23:16:58,124 - alexnet_cifar10_signle.py - INFO: Ciphertext_size 59.35 MB
2023-07-21 23:16:58,128 - alexnet_cifar10_signle.py - INFO: 
---------epoch 0 batch2,10 clients are in federated training

2023-07-21 23:16:58,130 - alexnet_cifar10_signle.py - INFO: mode = hash_encrypt parallel_mode = pool
2023-07-21 23:17:00,140 - alexnet_cifar10_signle.py - INFO: train_time:2.00398
2023-07-21 23:17:01,304 - alexnet_cifar10_signle.py - INFO: 量化时间：1.091603
2023-07-21 23:17:02,644 - alexnet_cifar10_signle.py - INFO: 加密梯度时间：1.339618
2023-07-21 23:17:03,065 - genernal.py - INFO: 全局梯度大小:_size 5.94 GB
2023-07-21 23:17:03,066 - alexnet_cifar10_signle.py - INFO: 聚集时间：0.420611
2023-07-21 23:17:03,195 - alexnet_cifar10_signle.py - INFO: 解密时间：0.128999
2023-07-21 23:17:03,566 - alexnet_cifar10_signle.py - INFO: 去量化时间：0.371010
2023-07-21 23:17:04,054 - alexnet_cifar10_signle.py - INFO: loss: 2.3011477947235113 	 elapsed time: 3.8144173622131348
2023-07-21 23:17:04,532 - alexnet_cifar10_signle.py - INFO: Plaintext_size 95.44 MB
2023-07-21 23:17:04,533 - alexnet_cifar10_signle.py - INFO: Ciphertext_size 118.69 MB
2023-07-21 23:17:04,539 - alexnet_cifar10_signle.py - INFO: 
---------epoch 0 batch3,10 clients are in federated training

2023-07-21 23:17:04,540 - alexnet_cifar10_signle.py - INFO: mode = hash_encrypt parallel_mode = pool
