2023-06-05 11:27:59,253 - unet2d_skin.py - INFO: 4 clients building datasets.
2023-06-05 11:27:59,254 - unet2d_skin.py - INFO: 0 client has 453 data items.
2023-06-05 11:27:59,254 - unet2d_skin.py - INFO: 1 client has 453 data items.
2023-06-05 11:27:59,254 - unet2d_skin.py - INFO: 2 client has 453 data items.
2023-06-05 11:27:59,254 - unet2d_skin.py - INFO: 3 client has 456 data items.
2023-06-05 11:28:02,212 - deprecation.py - WARNING: From /home/wjz/anaconda3/envs/fl/lib/python3.8/site-packages/tensorflow/python/autograph/pyct/static_analysis/liveness.py:83: Analyzer.lamba_check (from tensorflow.python.autograph.pyct.static_analysis.liveness) is deprecated and will be removed after 2023-09-23.
Instructions for updating:
Lambda fuctions will be no more assumed to be used in the statement where they are used, or at least in the same block. https://github.com/tensorflow/tensorflow/issues/56089
2023-06-05 11:28:03,764 - unet2d_skin.py - INFO: 
---------epoch 0 batch 1 step 0,4 clients are in federated training

2023-06-05 11:28:03,765 - unet2d_skin.py - INFO: mode = hash_encrypt parallel_mode = pool
2023-06-05 11:28:16,312 - unet2d_skin.py - INFO: train_time:12.54749
2023-06-05 11:28:25,907 - unet2d_skin.py - INFO: 量化时间：8.950908
2023-06-05 11:28:39,785 - unet2d_skin.py - INFO: 加密梯度时间：13.867013
2023-06-05 11:28:43,142 - unet2d_skin.py - INFO: 聚集时间：3.345062
2023-06-05 11:28:55,204 - unet2d_skin.py - INFO: 解密时间：12.061049
2023-06-05 11:29:06,552 - unet2d_skin.py - INFO: 去量化时间：11.321251
2023-06-05 11:29:45,628 - polymorphic_function.py - WARNING: 5 out of the last 5 calls to <function _BaseOptimizer._update_step_xla at 0x7fa4ba2c5280> triggered tf.function retracing. Tracing is expensive and the excessive number of tracings could be due to (1) creating @tf.function repeatedly in a loop, (2) passing tensors with different shapes, (3) passing Python objects instead of tensors. For (1), please define your @tf.function outside of the loop. For (2), @tf.function has reduce_retracing=True option that can avoid unnecessary retracing. For (3), please refer to https://www.tensorflow.org/guide/function#controlling_retracing and https://www.tensorflow.org/api_docs/python/tf/function for  more details.
2023-06-05 11:29:45,921 - polymorphic_function.py - WARNING: 6 out of the last 6 calls to <function _BaseOptimizer._update_step_xla at 0x7fa4ba2c5280> triggered tf.function retracing. Tracing is expensive and the excessive number of tracings could be due to (1) creating @tf.function repeatedly in a loop, (2) passing tensors with different shapes, (3) passing Python objects instead of tensors. For (1), please define your @tf.function outside of the loop. For (2), @tf.function has reduce_retracing=True option that can avoid unnecessary retracing. For (3), please refer to https://www.tensorflow.org/guide/function#controlling_retracing and https://www.tensorflow.org/api_docs/python/tf/function for  more details.
2023-06-05 11:30:56,421 - ops.py - WARNING: Tensor._shape is private, use Tensor.shape instead. Tensor._shape will eventually be removed.
