2023-07-21 23:33:20,426 - LSTM_Shakespeare.py - INFO: Length of text: 1115394 characters
2023-07-21 23:33:20,442 - LSTM_Shakespeare.py - INFO: 65 unique characters
2023-07-21 23:33:20,579 - LSTM_Shakespeare.py - INFO: {
2023-07-21 23:33:20,580 - LSTM_Shakespeare.py - INFO:   '\n':   0,
2023-07-21 23:33:20,580 - LSTM_Shakespeare.py - INFO:   ' ' :   1,
2023-07-21 23:33:20,581 - LSTM_Shakespeare.py - INFO:   '!' :   2,
2023-07-21 23:33:20,581 - LSTM_Shakespeare.py - INFO:   '$' :   3,
2023-07-21 23:33:20,582 - LSTM_Shakespeare.py - INFO:   '&' :   4,
2023-07-21 23:33:20,582 - LSTM_Shakespeare.py - INFO:   "'" :   5,
2023-07-21 23:33:20,582 - LSTM_Shakespeare.py - INFO:   ',' :   6,
2023-07-21 23:33:20,583 - LSTM_Shakespeare.py - INFO:   '-' :   7,
2023-07-21 23:33:20,584 - LSTM_Shakespeare.py - INFO:   '.' :   8,
2023-07-21 23:33:20,584 - LSTM_Shakespeare.py - INFO:   '3' :   9,
2023-07-21 23:33:20,584 - LSTM_Shakespeare.py - INFO:   ':' :  10,
2023-07-21 23:33:20,585 - LSTM_Shakespeare.py - INFO:   ';' :  11,
2023-07-21 23:33:20,585 - LSTM_Shakespeare.py - INFO:   '?' :  12,
2023-07-21 23:33:20,585 - LSTM_Shakespeare.py - INFO:   'A' :  13,
2023-07-21 23:33:20,586 - LSTM_Shakespeare.py - INFO:   'B' :  14,
2023-07-21 23:33:20,587 - LSTM_Shakespeare.py - INFO:   'C' :  15,
2023-07-21 23:33:20,587 - LSTM_Shakespeare.py - INFO:   'D' :  16,
2023-07-21 23:33:20,588 - LSTM_Shakespeare.py - INFO:   'E' :  17,
2023-07-21 23:33:20,588 - LSTM_Shakespeare.py - INFO:   'F' :  18,
2023-07-21 23:33:20,589 - LSTM_Shakespeare.py - INFO:   'G' :  19,
2023-07-21 23:33:20,589 - LSTM_Shakespeare.py - INFO:   ...
}
2023-07-21 23:33:20,590 - LSTM_Shakespeare.py - INFO: 'First Citizen' ---- characters mapped to int ---- > [18 47 56 57 58  1 15 47 58 47 64 43 52]
2023-07-21 23:33:20,621 - LSTM_Shakespeare.py - INFO: F
2023-07-21 23:33:20,622 - LSTM_Shakespeare.py - INFO: i
2023-07-21 23:33:20,622 - LSTM_Shakespeare.py - INFO: r
2023-07-21 23:33:20,623 - LSTM_Shakespeare.py - INFO: s
2023-07-21 23:33:20,624 - LSTM_Shakespeare.py - INFO: t
2023-07-21 23:33:20,638 - LSTM_Shakespeare.py - INFO: 'First Citizen:\nBefore we proceed any further, hear me speak.\n\nAll:\nSpeak, speak.\n\nFirst Citizen:\nYou '
2023-07-21 23:33:20,639 - LSTM_Shakespeare.py - INFO: 'are all resolved rather to die than to famish?\n\nAll:\nResolved. resolved.\n\nFirst Citizen:\nFirst, you k'
2023-07-21 23:33:20,640 - LSTM_Shakespeare.py - INFO: "now Caius Marcius is chief enemy to the people.\n\nAll:\nWe know't, we know't.\n\nFirst Citizen:\nLet us ki"
2023-07-21 23:33:20,641 - LSTM_Shakespeare.py - INFO: "ll him, and we'll have corn at our own price.\nIs't a verdict?\n\nAll:\nNo more talking on't; let it be d"
2023-07-21 23:33:20,642 - LSTM_Shakespeare.py - INFO: 'one: away, away!\n\nSecond Citizen:\nOne word, good citizens.\n\nFirst Citizen:\nWe are accounted poor citi'
2023-07-21 23:33:20,733 - LSTM_Shakespeare.py - INFO: Step    0
2023-07-21 23:33:20,733 - LSTM_Shakespeare.py - INFO:   input: 18 ('F')
2023-07-21 23:33:20,734 - LSTM_Shakespeare.py - INFO:   expected output: 47 ('i')
2023-07-21 23:33:20,735 - LSTM_Shakespeare.py - INFO: Step    1
2023-07-21 23:33:20,736 - LSTM_Shakespeare.py - INFO:   input: 47 ('i')
2023-07-21 23:33:20,736 - LSTM_Shakespeare.py - INFO:   expected output: 56 ('r')
2023-07-21 23:33:20,738 - LSTM_Shakespeare.py - INFO: Step    2
2023-07-21 23:33:20,738 - LSTM_Shakespeare.py - INFO:   input: 56 ('r')
2023-07-21 23:33:20,739 - LSTM_Shakespeare.py - INFO:   expected output: 57 ('s')
2023-07-21 23:33:20,740 - LSTM_Shakespeare.py - INFO: Step    3
2023-07-21 23:33:20,740 - LSTM_Shakespeare.py - INFO:   input: 57 ('s')
2023-07-21 23:33:20,741 - LSTM_Shakespeare.py - INFO:   expected output: 58 ('t')
2023-07-21 23:33:20,742 - LSTM_Shakespeare.py - INFO: Step    4
2023-07-21 23:33:20,743 - LSTM_Shakespeare.py - INFO:   input: 58 ('t')
2023-07-21 23:33:20,744 - LSTM_Shakespeare.py - INFO:   expected output: 1 (' ')
2023-07-21 23:33:20,749 - deprecation.py - WARNING: From f:/desktop/federated_learning/myfl/LSTM_Shakespeare.py:154: is_gpu_available (from tensorflow.python.framework.test_util) is deprecated and will be removed in a future version.
Instructions for updating:
Use `tf.config.list_physical_devices('GPU')` instead.
