2023-07-21 23:28:55,136 - fcn_fminist.py - INFO: 
---------epoch 0 batch1,10 clients are in federated training

2023-07-21 23:28:55,136 - fcn_fminist.py - INFO: mode = hash_encrypt
2023-07-21 23:28:55,274 - fcn_fminist.py - INFO: train_time:0.13800
2023-07-21 23:28:55,297 - fcn_fminist.py - INFO: 第一层加密随机数生成时间：0.021998
2023-07-21 23:28:55,390 - fcn_fminist.py - INFO: 量化时间：0.073001
2023-07-21 23:28:55,526 - fcn_fminist.py - INFO: 加密梯度时间：0.135000
2023-07-21 23:28:55,551 - fcn_fminist.py - INFO: 聚集时间：0.025014
2023-07-21 23:28:55,561 - fcn_fminist.py - INFO: 解密时间：0.008002
2023-07-21 23:28:55,595 - fcn_fminist.py - INFO: 去量化时间：0.033999
2023-07-21 23:28:55,657 - fcn_fminist.py - INFO: loss: 2.426560139656067 	 elapsed time: 0.3399989604949951
2023-07-21 23:28:55,674 - fcn_fminist.py - INFO: Plaintext_size 3.88 MB
2023-07-21 23:28:55,674 - fcn_fminist.py - INFO: Ciphertext_size 4.86 MB
2023-07-21 23:28:55,676 - fcn_fminist.py - INFO: 
---------epoch 0 batch2,10 clients are in federated training

2023-07-21 23:28:55,677 - fcn_fminist.py - INFO: mode = hash_encrypt
2023-07-21 23:28:55,749 - fcn_fminist.py - INFO: train_time:0.07200
2023-07-21 23:28:55,766 - fcn_fminist.py - INFO: 第一层加密随机数生成时间：0.016582
2023-07-21 23:28:55,871 - fcn_fminist.py - INFO: 量化时间：0.083998
2023-07-21 23:28:56,034 - fcn_fminist.py - INFO: 加密梯度时间：0.162000
2023-07-21 23:28:56,059 - fcn_fminist.py - INFO: 聚集时间：0.025001
2023-07-21 23:28:56,068 - fcn_fminist.py - INFO: 解密时间：0.008998
2023-07-21 23:28:56,100 - fcn_fminist.py - INFO: 去量化时间：0.031000
2023-07-21 23:28:56,143 - fcn_fminist.py - INFO: loss: 2.1447891712188722 	 elapsed time: 0.35599851608276367
2023-07-21 23:28:56,155 - fcn_fminist.py - INFO: Plaintext_size 3.88 MB
2023-07-21 23:28:56,155 - fcn_fminist.py - INFO: Ciphertext_size 4.86 MB
2023-07-21 23:28:56,158 - fcn_fminist.py - INFO: 
---------epoch 0 batch3,10 clients are in federated training

2023-07-21 23:28:56,159 - fcn_fminist.py - INFO: mode = hash_encrypt
2023-07-21 23:28:56,228 - fcn_fminist.py - INFO: train_time:0.06902
2023-07-21 23:28:56,243 - fcn_fminist.py - INFO: 第一层加密随机数生成时间：0.013997
2023-07-21 23:28:56,339 - fcn_fminist.py - INFO: 量化时间：0.075031
2023-07-21 23:28:56,495 - fcn_fminist.py - INFO: 加密梯度时间：0.154998
2023-07-21 23:28:56,518 - fcn_fminist.py - INFO: 聚集时间：0.022005
2023-07-21 23:28:56,528 - fcn_fminist.py - INFO: 解密时间：0.010001
2023-07-21 23:28:56,558 - fcn_fminist.py - INFO: 去量化时间：0.029000
2023-07-21 23:28:56,602 - fcn_fminist.py - INFO: loss: 1.5044798016548158 	 elapsed time: 0.3380000591278076
2023-07-21 23:28:56,612 - fcn_fminist.py - INFO: Plaintext_size 3.88 MB
2023-07-21 23:28:56,613 - fcn_fminist.py - INFO: Ciphertext_size 4.86 MB
2023-07-21 23:28:56,615 - fcn_fminist.py - INFO: 
---------epoch 0 batch4,10 clients are in federated training

2023-07-21 23:28:56,616 - fcn_fminist.py - INFO: mode = hash_encrypt
2023-07-21 23:28:56,680 - fcn_fminist.py - INFO: train_time:0.06400
2023-07-21 23:28:56,695 - fcn_fminist.py - INFO: 第一层加密随机数生成时间：0.015001
2023-07-21 23:28:56,790 - fcn_fminist.py - INFO: 量化时间：0.074753
