2023-06-30 11:31:02,427 - alexnet_cifar10.py - INFO: 10 clients building datasets.
2023-06-30 11:31:02,427 - alexnet_cifar10.py - INFO: 0 client has 5000 data items.
2023-06-30 11:31:02,427 - alexnet_cifar10.py - INFO: 1 client has 5000 data items.
2023-06-30 11:31:02,427 - alexnet_cifar10.py - INFO: 2 client has 5000 data items.
2023-06-30 11:31:02,428 - alexnet_cifar10.py - INFO: 3 client has 5000 data items.
2023-06-30 11:31:02,428 - alexnet_cifar10.py - INFO: 4 client has 5000 data items.
2023-06-30 11:31:02,428 - alexnet_cifar10.py - INFO: 5 client has 5000 data items.
2023-06-30 11:31:02,430 - alexnet_cifar10.py - INFO: 6 client has 5000 data items.
2023-06-30 11:31:02,430 - alexnet_cifar10.py - INFO: 7 client has 5000 data items.
2023-06-30 11:31:02,430 - alexnet_cifar10.py - INFO: 8 client has 5000 data items.
2023-06-30 11:31:02,431 - alexnet_cifar10.py - INFO: 9 client has 5000 data items.
2023-06-30 11:31:03,903 - alexnet_cifar10.py - INFO: 
---------epoch 0 batch1,10 clients are in federated training

2023-06-30 11:31:03,904 - alexnet_cifar10.py - INFO: mode = hash_encrypt parallel_mode = pool
2023-06-30 11:31:06,025 - alexnet_cifar10.py - INFO: train_time:2.12080
2023-06-30 11:31:06,410 - alexnet_cifar10.py - INFO: 量化时间：0.321650
2023-06-30 11:31:06,461 - alexnet_cifar10.py - INFO: 加密梯度时间：0.049999
2023-06-30 11:31:06,478 - alexnet_cifar10.py - INFO: 聚集时间：0.016006
2023-06-30 11:31:06,484 - alexnet_cifar10.py - INFO: 解密时间：0.005994
2023-06-30 11:31:06,504 - alexnet_cifar10.py - INFO: 去量化时间：0.020001
2023-06-30 11:31:06,628 - alexnet_cifar10.py - INFO: loss: 2.3044356584548953 	 elapsed time: 0.48365020751953125
2023-06-30 11:31:07,105 - alexnet_cifar10.py - INFO: Plaintext_size 47.72 MB
2023-06-30 11:31:07,106 - alexnet_cifar10.py - INFO: Ciphertext_size 47.72 MB
2023-06-30 11:31:07,129 - alexnet_cifar10.py - INFO: 
---------epoch 0 batch2,10 clients are in federated training

2023-06-30 11:31:07,130 - alexnet_cifar10.py - INFO: mode = hash_encrypt parallel_mode = pool
