2023-06-30 11:29:21,608 - alexnet_cifar10.py - INFO: 10 clients building datasets.
2023-06-30 11:29:21,609 - alexnet_cifar10.py - INFO: 0 client has 5000 data items.
2023-06-30 11:29:21,609 - alexnet_cifar10.py - INFO: 1 client has 5000 data items.
2023-06-30 11:29:21,609 - alexnet_cifar10.py - INFO: 2 client has 5000 data items.
2023-06-30 11:29:21,609 - alexnet_cifar10.py - INFO: 3 client has 5000 data items.
2023-06-30 11:29:21,610 - alexnet_cifar10.py - INFO: 4 client has 5000 data items.
2023-06-30 11:29:21,610 - alexnet_cifar10.py - INFO: 5 client has 5000 data items.
2023-06-30 11:29:21,611 - alexnet_cifar10.py - INFO: 6 client has 5000 data items.
2023-06-30 11:29:21,611 - alexnet_cifar10.py - INFO: 7 client has 5000 data items.
2023-06-30 11:29:21,611 - alexnet_cifar10.py - INFO: 8 client has 5000 data items.
2023-06-30 11:29:21,611 - alexnet_cifar10.py - INFO: 9 client has 5000 data items.
2023-06-30 11:29:23,204 - alexnet_cifar10.py - INFO: 
---------epoch 0 batch1,10 clients are in federated training

2023-06-30 11:29:23,205 - alexnet_cifar10.py - INFO: mode = hash_encrypt parallel_mode = pool
2023-06-30 11:29:25,262 - alexnet_cifar10.py - INFO: train_time:2.05562
2023-06-30 11:29:25,603 - alexnet_cifar10.py - INFO: 量化时间：0.272642
2023-06-30 11:29:25,652 - alexnet_cifar10.py - INFO: 加密梯度时间：0.048000
2023-06-30 11:29:25,670 - alexnet_cifar10.py - INFO: 聚集时间：0.017001
2023-06-30 11:29:25,676 - alexnet_cifar10.py - INFO: 解密时间：0.005004
2023-06-30 11:29:25,691 - alexnet_cifar10.py - INFO: 去量化时间：0.014998
2023-06-30 11:29:25,746 - alexnet_cifar10.py - INFO: loss: 2.3031420707702632 	 elapsed time: 0.360645055770874
2023-06-30 11:29:26,209 - alexnet_cifar10.py - INFO: Plaintext_size 47.72 MB
2023-06-30 11:29:26,210 - alexnet_cifar10.py - INFO: Ciphertext_size 0.00 KB
2023-06-30 11:29:26,223 - alexnet_cifar10.py - INFO: 
---------epoch 0 batch2,10 clients are in federated training

2023-06-30 11:29:26,224 - alexnet_cifar10.py - INFO: mode = hash_encrypt parallel_mode = pool
2023-06-30 11:29:28,312 - alexnet_cifar10.py - INFO: train_time:2.08350
2023-06-30 11:29:28,694 - alexnet_cifar10.py - INFO: 量化时间：0.284002
2023-06-30 11:29:28,754 - alexnet_cifar10.py - INFO: 加密梯度时间：0.059999
2023-06-30 11:29:28,773 - alexnet_cifar10.py - INFO: 聚集时间：0.018999
2023-06-30 11:29:28,779 - alexnet_cifar10.py - INFO: 解密时间：0.006003
2023-06-30 11:29:28,796 - alexnet_cifar10.py - INFO: 去量化时间：0.015999
2023-06-30 11:29:28,823 - alexnet_cifar10.py - INFO: loss: 2.2961067438125613 	 elapsed time: 0.3860020637512207
