2023-06-20 21:49:14,020 - alexnet_cifar10.py - INFO: 10 clients building datasets.
2023-06-20 21:49:14,020 - alexnet_cifar10.py - INFO: 0 client has 5000 data items.
2023-06-20 21:49:14,021 - alexnet_cifar10.py - INFO: 1 client has 5000 data items.
2023-06-20 21:49:14,021 - alexnet_cifar10.py - INFO: 2 client has 5000 data items.
2023-06-20 21:49:14,022 - alexnet_cifar10.py - INFO: 3 client has 5000 data items.
2023-06-20 21:49:14,022 - alexnet_cifar10.py - INFO: 4 client has 5000 data items.
2023-06-20 21:49:14,022 - alexnet_cifar10.py - INFO: 5 client has 5000 data items.
2023-06-20 21:49:14,022 - alexnet_cifar10.py - INFO: 6 client has 5000 data items.
2023-06-20 21:49:14,023 - alexnet_cifar10.py - INFO: 7 client has 5000 data items.
2023-06-20 21:49:14,023 - alexnet_cifar10.py - INFO: 8 client has 5000 data items.
2023-06-20 21:49:14,023 - alexnet_cifar10.py - INFO: 9 client has 5000 data items.
2023-06-20 21:49:16,854 - alexnet_cifar10.py - INFO: 
---------epoch 0 batch1,10 clients are in federated training

2023-06-20 21:49:16,854 - alexnet_cifar10.py - INFO: mode = batch parallel_mode = pool
2023-06-20 21:49:19,674 - alexnet_cifar10.py - INFO: train_time:2.82020
2023-06-20 21:49:19,918 - alexnet_cifar10.py - INFO: 量化时间：0.183830
2023-06-20 21:49:25,546 - alexnet_cifar10.py - INFO: 批处理时间：5.627622
2023-06-20 21:50:10,184 - alexnet_cifar10.py - INFO: 加密梯度时间：44.637791
2023-06-20 21:50:10,184 - alexnet_cifar10.py - INFO: 聚集时间：0.000113
2023-06-20 21:50:42,295 - alexnet_cifar10.py - INFO: 解密时间：32.111264
2023-06-20 21:50:42,524 - alexnet_cifar10.py - INFO: 去量化时间：0.228663
2023-06-20 21:50:43,439 - polymorphic_function.py - WARNING: 5 out of the last 5 calls to <function _BaseOptimizer._update_step_xla at 0x7f86baebb280> triggered tf.function retracing. Tracing is expensive and the excessive number of tracings could be due to (1) creating @tf.function repeatedly in a loop, (2) passing tensors with different shapes, (3) passing Python objects instead of tensors. For (1), please define your @tf.function outside of the loop. For (2), @tf.function has reduce_retracing=True option that can avoid unnecessary retracing. For (3), please refer to https://www.tensorflow.org/guide/function#controlling_retracing and https://www.tensorflow.org/api_docs/python/tf/function for  more details.
2023-06-20 21:50:43,576 - polymorphic_function.py - WARNING: 6 out of the last 6 calls to <function _BaseOptimizer._update_step_xla at 0x7f86baebb280> triggered tf.function retracing. Tracing is expensive and the excessive number of tracings could be due to (1) creating @tf.function repeatedly in a loop, (2) passing tensors with different shapes, (3) passing Python objects instead of tensors. For (1), please define your @tf.function outside of the loop. For (2), @tf.function has reduce_retracing=True option that can avoid unnecessary retracing. For (3), please refer to https://www.tensorflow.org/guide/function#controlling_retracing and https://www.tensorflow.org/api_docs/python/tf/function for  more details.
2023-06-20 21:50:44,029 - alexnet_cifar10.py - INFO: loss: 2.3026141881942745 	 elapsed time: 82.9114990234375
2023-06-20 21:50:44,165 - alexnet_cifar10.py - INFO: 
---------epoch 0 batch2,10 clients are in federated training

2023-06-20 21:50:44,165 - alexnet_cifar10.py - INFO: mode = batch parallel_mode = pool
2023-06-20 21:50:44,347 - alexnet_cifar10.py - INFO: train_time:0.18104
2023-06-20 21:50:44,596 - alexnet_cifar10.py - INFO: 量化时间：0.191029
2023-06-20 21:50:50,252 - alexnet_cifar10.py - INFO: 批处理时间：5.655582
