2023-06-30 16:11:33,769 - LSTM_Shakespeare.py - INFO: Length of text: 1115394 characters
2023-06-30 16:11:33,783 - LSTM_Shakespeare.py - INFO: 65 unique characters
2023-06-30 16:11:33,925 - LSTM_Shakespeare.py - INFO: {
2023-06-30 16:11:33,926 - LSTM_Shakespeare.py - INFO:   '\n':   0,
2023-06-30 16:11:33,926 - LSTM_Shakespeare.py - INFO:   ' ' :   1,
2023-06-30 16:11:33,927 - LSTM_Shakespeare.py - INFO:   '!' :   2,
2023-06-30 16:11:33,927 - LSTM_Shakespeare.py - INFO:   '$' :   3,
2023-06-30 16:11:33,928 - LSTM_Shakespeare.py - INFO:   '&' :   4,
2023-06-30 16:11:33,928 - LSTM_Shakespeare.py - INFO:   "'" :   5,
2023-06-30 16:11:33,929 - LSTM_Shakespeare.py - INFO:   ',' :   6,
2023-06-30 16:11:33,929 - LSTM_Shakespeare.py - INFO:   '-' :   7,
2023-06-30 16:11:33,929 - LSTM_Shakespeare.py - INFO:   '.' :   8,
2023-06-30 16:11:33,930 - LSTM_Shakespeare.py - INFO:   '3' :   9,
2023-06-30 16:11:33,930 - LSTM_Shakespeare.py - INFO:   ':' :  10,
2023-06-30 16:11:33,931 - LSTM_Shakespeare.py - INFO:   ';' :  11,
2023-06-30 16:11:33,931 - LSTM_Shakespeare.py - INFO:   '?' :  12,
2023-06-30 16:11:33,932 - LSTM_Shakespeare.py - INFO:   'A' :  13,
2023-06-30 16:11:33,932 - LSTM_Shakespeare.py - INFO:   'B' :  14,
2023-06-30 16:11:33,933 - LSTM_Shakespeare.py - INFO:   'C' :  15,
2023-06-30 16:11:33,933 - LSTM_Shakespeare.py - INFO:   'D' :  16,
2023-06-30 16:11:33,933 - LSTM_Shakespeare.py - INFO:   'E' :  17,
2023-06-30 16:11:33,934 - LSTM_Shakespeare.py - INFO:   'F' :  18,
2023-06-30 16:11:33,934 - LSTM_Shakespeare.py - INFO:   'G' :  19,
2023-06-30 16:11:33,935 - LSTM_Shakespeare.py - INFO:   ...
}
2023-06-30 16:11:33,936 - LSTM_Shakespeare.py - INFO: 'First Citizen' ---- characters mapped to int ---- > [18 47 56 57 58  1 15 47 58 47 64 43 52]
2023-06-30 16:11:33,962 - LSTM_Shakespeare.py - INFO: F
2023-06-30 16:11:33,963 - LSTM_Shakespeare.py - INFO: i
2023-06-30 16:11:33,964 - LSTM_Shakespeare.py - INFO: r
2023-06-30 16:11:33,964 - LSTM_Shakespeare.py - INFO: s
2023-06-30 16:11:33,965 - LSTM_Shakespeare.py - INFO: t
2023-06-30 16:11:33,979 - LSTM_Shakespeare.py - INFO: 'First Citizen:\nBefore we proceed any further, hear me speak.\n\nAll:\nSpeak, speak.\n\nFirst Citizen:\nYou '
2023-06-30 16:11:33,979 - LSTM_Shakespeare.py - INFO: 'are all resolved rather to die than to famish?\n\nAll:\nResolved. resolved.\n\nFirst Citizen:\nFirst, you k'
2023-06-30 16:11:33,980 - LSTM_Shakespeare.py - INFO: "now Caius Marcius is chief enemy to the people.\n\nAll:\nWe know't, we know't.\n\nFirst Citizen:\nLet us ki"
2023-06-30 16:11:33,981 - LSTM_Shakespeare.py - INFO: "ll him, and we'll have corn at our own price.\nIs't a verdict?\n\nAll:\nNo more talking on't; let it be d"
2023-06-30 16:11:33,982 - LSTM_Shakespeare.py - INFO: 'one: away, away!\n\nSecond Citizen:\nOne word, good citizens.\n\nFirst Citizen:\nWe are accounted poor citi'
2023-06-30 16:11:34,089 - LSTM_Shakespeare.py - INFO: Step    0
2023-06-30 16:11:34,094 - LSTM_Shakespeare.py - INFO:   input: 18 ('F')
2023-06-30 16:11:34,094 - LSTM_Shakespeare.py - INFO:   expected output: 47 ('i')
2023-06-30 16:11:34,096 - LSTM_Shakespeare.py - INFO: Step    1
2023-06-30 16:11:34,097 - LSTM_Shakespeare.py - INFO:   input: 47 ('i')
2023-06-30 16:11:34,098 - LSTM_Shakespeare.py - INFO:   expected output: 56 ('r')
2023-06-30 16:11:34,099 - LSTM_Shakespeare.py - INFO: Step    2
2023-06-30 16:11:34,099 - LSTM_Shakespeare.py - INFO:   input: 56 ('r')
2023-06-30 16:11:34,100 - LSTM_Shakespeare.py - INFO:   expected output: 57 ('s')
2023-06-30 16:11:34,101 - LSTM_Shakespeare.py - INFO: Step    3
2023-06-30 16:11:34,102 - LSTM_Shakespeare.py - INFO:   input: 57 ('s')
2023-06-30 16:11:34,102 - LSTM_Shakespeare.py - INFO:   expected output: 58 ('t')
2023-06-30 16:11:34,104 - LSTM_Shakespeare.py - INFO: Step    4
2023-06-30 16:11:34,105 - LSTM_Shakespeare.py - INFO:   input: 58 ('t')
2023-06-30 16:11:34,105 - LSTM_Shakespeare.py - INFO:   expected output: 1 (' ')
2023-06-30 16:11:34,111 - deprecation.py - WARNING: From e:/BaiduNetdiskDownload/backup_6_20/home/wjz/Efficient_Data_Processing_with_Symmetrically_Encrypted_Neural_Networks/LSTM_Shakespeare.py:153: is_gpu_available (from tensorflow.python.framework.test_util) is deprecated and will be removed in a future version.
Instructions for updating:
Use `tf.config.list_physical_devices('GPU')` instead.
