2023-06-30 14:22:34,901 - alexnet_cifar10.py - INFO: 10 clients building datasets.
2023-06-30 14:22:34,902 - alexnet_cifar10.py - INFO: 0 client has 5000 data items.
2023-06-30 14:22:34,902 - alexnet_cifar10.py - INFO: 1 client has 5000 data items.
2023-06-30 14:22:34,902 - alexnet_cifar10.py - INFO: 2 client has 5000 data items.
2023-06-30 14:22:34,903 - alexnet_cifar10.py - INFO: 3 client has 5000 data items.
2023-06-30 14:22:34,903 - alexnet_cifar10.py - INFO: 4 client has 5000 data items.
2023-06-30 14:22:34,903 - alexnet_cifar10.py - INFO: 5 client has 5000 data items.
2023-06-30 14:22:34,904 - alexnet_cifar10.py - INFO: 6 client has 5000 data items.
2023-06-30 14:22:34,904 - alexnet_cifar10.py - INFO: 7 client has 5000 data items.
2023-06-30 14:22:34,905 - alexnet_cifar10.py - INFO: 8 client has 5000 data items.
2023-06-30 14:22:34,905 - alexnet_cifar10.py - INFO: 9 client has 5000 data items.
2023-06-30 14:22:36,529 - alexnet_cifar10.py - INFO: 
---------epoch 0 batch1,10 clients are in federated training

2023-06-30 14:22:36,529 - alexnet_cifar10.py - INFO: mode = hash_encrypt parallel_mode = pool
2023-06-30 14:22:38,811 - alexnet_cifar10.py - INFO: train_time:2.28111
2023-06-30 14:22:39,718 - alexnet_cifar10.py - INFO: 量化时间：0.836014
2023-06-30 14:22:40,927 - alexnet_cifar10.py - INFO: 加密梯度时间：1.209347
2023-06-30 14:22:41,287 - alexnet_cifar10.py - INFO: 聚集时间：0.360188
2023-06-30 14:22:41,406 - alexnet_cifar10.py - INFO: 解密时间：0.118044
2023-06-30 14:22:41,764 - alexnet_cifar10.py - INFO: 去量化时间：0.356732
2023-06-30 14:22:42,187 - alexnet_cifar10.py - INFO: loss: 2.307156229019165 	 elapsed time: 3.258190870285034
2023-06-30 14:22:42,626 - alexnet_cifar10.py - INFO: Plaintext_size 47.72 MB
2023-06-30 14:22:42,626 - alexnet_cifar10.py - INFO: Ciphertext_size 35.46 MB
2023-06-30 14:22:42,629 - alexnet_cifar10.py - INFO: 
---------epoch 0 batch2,10 clients are in federated training

2023-06-30 14:22:42,629 - alexnet_cifar10.py - INFO: mode = hash_encrypt parallel_mode = pool
2023-06-30 14:22:44,669 - alexnet_cifar10.py - INFO: train_time:2.03157
2023-06-30 14:22:45,568 - alexnet_cifar10.py - INFO: 量化时间：0.824763
