2023-06-30 11:31:42,069 - alexnet_cifar10.py - INFO: 10 clients building datasets.
2023-06-30 11:31:42,069 - alexnet_cifar10.py - INFO: 0 client has 5000 data items.
2023-06-30 11:31:42,069 - alexnet_cifar10.py - INFO: 1 client has 5000 data items.
2023-06-30 11:31:42,070 - alexnet_cifar10.py - INFO: 2 client has 5000 data items.
2023-06-30 11:31:42,070 - alexnet_cifar10.py - INFO: 3 client has 5000 data items.
2023-06-30 11:31:42,070 - alexnet_cifar10.py - INFO: 4 client has 5000 data items.
2023-06-30 11:31:42,071 - alexnet_cifar10.py - INFO: 5 client has 5000 data items.
2023-06-30 11:31:42,071 - alexnet_cifar10.py - INFO: 6 client has 5000 data items.
2023-06-30 11:31:42,072 - alexnet_cifar10.py - INFO: 7 client has 5000 data items.
2023-06-30 11:31:42,072 - alexnet_cifar10.py - INFO: 8 client has 5000 data items.
2023-06-30 11:31:42,073 - alexnet_cifar10.py - INFO: 9 client has 5000 data items.
2023-06-30 11:31:43,743 - alexnet_cifar10.py - INFO: 
---------epoch 0 batch1,10 clients are in federated training

2023-06-30 11:31:43,744 - alexnet_cifar10.py - INFO: mode = hash_encrypt parallel_mode = pool
2023-06-30 11:31:45,774 - alexnet_cifar10.py - INFO: train_time:2.03043
2023-06-30 11:31:46,108 - alexnet_cifar10.py - INFO: 量化时间：0.266002
2023-06-30 11:31:46,157 - alexnet_cifar10.py - INFO: 加密梯度时间：0.049000
2023-06-30 11:31:46,201 - alexnet_cifar10.py - INFO: 聚集时间：0.043000
2023-06-30 11:31:46,209 - alexnet_cifar10.py - INFO: 解密时间：0.007999
2023-06-30 11:31:46,226 - alexnet_cifar10.py - INFO: 去量化时间：0.016998
2023-06-30 11:31:46,327 - alexnet_cifar10.py - INFO: loss: 2.303793334960938 	 elapsed time: 0.43200135231018066
2023-06-30 11:31:46,781 - alexnet_cifar10.py - INFO: Plaintext_size 47.72 MB
2023-06-30 11:31:46,781 - alexnet_cifar10.py - INFO: Ciphertext_size 47.72 MB
2023-06-30 11:31:46,797 - alexnet_cifar10.py - INFO: 
---------epoch 0 batch2,10 clients are in federated training

2023-06-30 11:31:46,797 - alexnet_cifar10.py - INFO: mode = hash_encrypt parallel_mode = pool
