2023-06-24 19:38:26,560 - alexnet_cifar10.py - INFO: 10 clients building datasets.
2023-06-24 19:38:26,561 - alexnet_cifar10.py - INFO: 0 client has 5000 data items.
2023-06-24 19:38:26,561 - alexnet_cifar10.py - INFO: 1 client has 5000 data items.
2023-06-24 19:38:26,561 - alexnet_cifar10.py - INFO: 2 client has 5000 data items.
2023-06-24 19:38:26,562 - alexnet_cifar10.py - INFO: 3 client has 5000 data items.
2023-06-24 19:38:26,562 - alexnet_cifar10.py - INFO: 4 client has 5000 data items.
2023-06-24 19:38:26,562 - alexnet_cifar10.py - INFO: 5 client has 5000 data items.
2023-06-24 19:38:26,562 - alexnet_cifar10.py - INFO: 6 client has 5000 data items.
2023-06-24 19:38:26,563 - alexnet_cifar10.py - INFO: 7 client has 5000 data items.
2023-06-24 19:38:26,563 - alexnet_cifar10.py - INFO: 8 client has 5000 data items.
2023-06-24 19:38:26,563 - alexnet_cifar10.py - INFO: 9 client has 5000 data items.
2023-06-24 19:38:29,175 - alexnet_cifar10.py - INFO: 
---------epoch 0 batch1,10 clients are in federated training

2023-06-24 19:38:29,175 - alexnet_cifar10.py - INFO: mode = hash_encrypt parallel_mode = pool
2023-06-24 19:38:32,128 - alexnet_cifar10.py - INFO: train_time:2.95276
2023-06-24 19:38:32,779 - alexnet_cifar10.py - INFO: 量化时间：0.594496
2023-06-24 19:38:33,942 - alexnet_cifar10.py - INFO: 加密梯度时间：1.162348
2023-06-24 19:38:34,300 - alexnet_cifar10.py - INFO: 聚集时间：0.358166
2023-06-24 19:38:34,414 - alexnet_cifar10.py - INFO: 解密时间：0.113997
2023-06-24 19:38:34,745 - alexnet_cifar10.py - INFO: 去量化时间：0.330507
2023-06-24 19:38:35,172 - polymorphic_function.py - WARNING: 5 out of the last 5 calls to <function _BaseOptimizer._update_step_xla at 0x7fb0c4166940> triggered tf.function retracing. Tracing is expensive and the excessive number of tracings could be due to (1) creating @tf.function repeatedly in a loop, (2) passing tensors with different shapes, (3) passing Python objects instead of tensors. For (1), please define your @tf.function outside of the loop. For (2), @tf.function has reduce_retracing=True option that can avoid unnecessary retracing. For (3), please refer to https://www.tensorflow.org/guide/function#controlling_retracing and https://www.tensorflow.org/api_docs/python/tf/function for  more details.
2023-06-24 19:38:35,265 - polymorphic_function.py - WARNING: 6 out of the last 6 calls to <function _BaseOptimizer._update_step_xla at 0x7fb0c4166940> triggered tf.function retracing. Tracing is expensive and the excessive number of tracings could be due to (1) creating @tf.function repeatedly in a loop, (2) passing tensors with different shapes, (3) passing Python objects instead of tensors. For (1), please define your @tf.function outside of the loop. For (2), @tf.function has reduce_retracing=True option that can avoid unnecessary retracing. For (3), please refer to https://www.tensorflow.org/guide/function#controlling_retracing and https://www.tensorflow.org/api_docs/python/tf/function for  more details.
2023-06-24 19:38:35,708 - alexnet_cifar10.py - INFO: loss: 2.3051820516586305 	 elapsed time: 2.5602684020996094
2023-06-24 19:38:35,865 - alexnet_cifar10.py - INFO: 
---------epoch 0 batch2,10 clients are in federated training

2023-06-24 19:38:35,868 - alexnet_cifar10.py - INFO: mode = hash_encrypt parallel_mode = pool
2023-06-24 19:38:36,031 - alexnet_cifar10.py - INFO: train_time:0.16213
2023-06-24 19:38:36,720 - alexnet_cifar10.py - INFO: 量化时间：0.634034
2023-06-24 19:38:37,928 - alexnet_cifar10.py - INFO: 加密梯度时间：1.207277
2023-06-24 19:38:38,284 - alexnet_cifar10.py - INFO: 聚集时间：0.355834
2023-06-24 19:38:38,399 - alexnet_cifar10.py - INFO: 解密时间：0.115335
2023-06-24 19:38:38,702 - alexnet_cifar10.py - INFO: 去量化时间：0.302869
2023-06-24 19:38:38,713 - alexnet_cifar10.py - INFO: loss: 2.2930859088897706 	 elapsed time: 2.6161117553710938
2023-06-24 19:38:38,725 - alexnet_cifar10.py - INFO: 
---------epoch 0 batch3,10 clients are in federated training

2023-06-24 19:38:38,725 - alexnet_cifar10.py - INFO: mode = hash_encrypt parallel_mode = pool
2023-06-24 19:38:38,860 - alexnet_cifar10.py - INFO: train_time:0.13466
2023-06-24 19:38:39,565 - alexnet_cifar10.py - INFO: 量化时间：0.651369
2023-06-24 19:38:40,793 - alexnet_cifar10.py - INFO: 加密梯度时间：1.228362
2023-06-24 19:38:41,156 - alexnet_cifar10.py - INFO: 聚集时间：0.362069
2023-06-24 19:38:41,275 - alexnet_cifar10.py - INFO: 解密时间：0.119079
2023-06-24 19:38:41,584 - alexnet_cifar10.py - INFO: 去量化时间：0.308818
2023-06-24 19:38:41,595 - alexnet_cifar10.py - INFO: loss: 2.279899501800537 	 elapsed time: 2.6707093715667725
2023-06-24 19:38:41,609 - alexnet_cifar10.py - INFO: 
---------epoch 0 batch4,10 clients are in federated training

2023-06-24 19:38:41,609 - alexnet_cifar10.py - INFO: mode = hash_encrypt parallel_mode = pool
2023-06-24 19:38:41,742 - alexnet_cifar10.py - INFO: train_time:0.13207
2023-06-24 19:38:42,454 - alexnet_cifar10.py - INFO: 量化时间：0.661018
2023-06-24 19:38:43,683 - alexnet_cifar10.py - INFO: 加密梯度时间：1.229498
2023-06-24 19:38:44,040 - alexnet_cifar10.py - INFO: 聚集时间：0.356167
2023-06-24 19:38:44,186 - alexnet_cifar10.py - INFO: 解密时间：0.146334
2023-06-24 19:38:44,488 - alexnet_cifar10.py - INFO: 去量化时间：0.301843
2023-06-24 19:38:44,499 - alexnet_cifar10.py - INFO: loss: 2.283055853843689 	 elapsed time: 2.6959433555603027
2023-06-24 19:38:44,534 - alexnet_cifar10.py - INFO: 
---------epoch 0 batch5,10 clients are in federated training

2023-06-24 19:38:44,534 - alexnet_cifar10.py - INFO: mode = hash_encrypt parallel_mode = pool
2023-06-24 19:38:44,677 - alexnet_cifar10.py - INFO: train_time:0.14283
2023-06-24 19:38:45,347 - alexnet_cifar10.py - INFO: 量化时间：0.636884
