2023-06-30 16:04:39,972 - LSTM_Shakespeare.py - INFO: Length of text: 1115394 characters
2023-06-30 16:04:39,986 - LSTM_Shakespeare.py - INFO: 65 unique characters
2023-06-30 16:04:40,119 - LSTM_Shakespeare.py - INFO: {
2023-06-30 16:04:40,120 - LSTM_Shakespeare.py - INFO:   '\n':   0,
2023-06-30 16:04:40,120 - LSTM_Shakespeare.py - INFO:   ' ' :   1,
2023-06-30 16:04:40,121 - LSTM_Shakespeare.py - INFO:   '!' :   2,
2023-06-30 16:04:40,122 - LSTM_Shakespeare.py - INFO:   '$' :   3,
2023-06-30 16:04:40,122 - LSTM_Shakespeare.py - INFO:   '&' :   4,
2023-06-30 16:04:40,123 - LSTM_Shakespeare.py - INFO:   "'" :   5,
2023-06-30 16:04:40,124 - LSTM_Shakespeare.py - INFO:   ',' :   6,
2023-06-30 16:04:40,124 - LSTM_Shakespeare.py - INFO:   '-' :   7,
2023-06-30 16:04:40,124 - LSTM_Shakespeare.py - INFO:   '.' :   8,
2023-06-30 16:04:40,125 - LSTM_Shakespeare.py - INFO:   '3' :   9,
2023-06-30 16:04:40,125 - LSTM_Shakespeare.py - INFO:   ':' :  10,
2023-06-30 16:04:40,126 - LSTM_Shakespeare.py - INFO:   ';' :  11,
2023-06-30 16:04:40,126 - LSTM_Shakespeare.py - INFO:   '?' :  12,
2023-06-30 16:04:40,126 - LSTM_Shakespeare.py - INFO:   'A' :  13,
2023-06-30 16:04:40,127 - LSTM_Shakespeare.py - INFO:   'B' :  14,
2023-06-30 16:04:40,127 - LSTM_Shakespeare.py - INFO:   'C' :  15,
2023-06-30 16:04:40,127 - LSTM_Shakespeare.py - INFO:   'D' :  16,
2023-06-30 16:04:40,128 - LSTM_Shakespeare.py - INFO:   'E' :  17,
2023-06-30 16:04:40,128 - LSTM_Shakespeare.py - INFO:   'F' :  18,
2023-06-30 16:04:40,128 - LSTM_Shakespeare.py - INFO:   'G' :  19,
2023-06-30 16:04:40,129 - LSTM_Shakespeare.py - INFO:   ...
}
2023-06-30 16:04:40,129 - LSTM_Shakespeare.py - INFO: 'First Citizen' ---- characters mapped to int ---- > [18 47 56 57 58  1 15 47 58 47 64 43 52]
2023-06-30 16:04:40,157 - LSTM_Shakespeare.py - INFO: F
2023-06-30 16:04:40,157 - LSTM_Shakespeare.py - INFO: i
2023-06-30 16:04:40,158 - LSTM_Shakespeare.py - INFO: r
2023-06-30 16:04:40,159 - LSTM_Shakespeare.py - INFO: s
2023-06-30 16:04:40,159 - LSTM_Shakespeare.py - INFO: t
2023-06-30 16:04:40,171 - LSTM_Shakespeare.py - INFO: 'First Citizen:\nBefore we proceed any further, hear me speak.\n\nAll:\nSpeak, speak.\n\nFirst Citizen:\nYou '
2023-06-30 16:04:40,172 - LSTM_Shakespeare.py - INFO: 'are all resolved rather to die than to famish?\n\nAll:\nResolved. resolved.\n\nFirst Citizen:\nFirst, you k'
2023-06-30 16:04:40,174 - LSTM_Shakespeare.py - INFO: "now Caius Marcius is chief enemy to the people.\n\nAll:\nWe know't, we know't.\n\nFirst Citizen:\nLet us ki"
2023-06-30 16:04:40,175 - LSTM_Shakespeare.py - INFO: "ll him, and we'll have corn at our own price.\nIs't a verdict?\n\nAll:\nNo more talking on't; let it be d"
2023-06-30 16:04:40,175 - LSTM_Shakespeare.py - INFO: 'one: away, away!\n\nSecond Citizen:\nOne word, good citizens.\n\nFirst Citizen:\nWe are accounted poor citi'
2023-06-30 16:04:40,255 - LSTM_Shakespeare.py - INFO: Step    0
2023-06-30 16:04:40,256 - LSTM_Shakespeare.py - INFO:   input: 18 ('F')
2023-06-30 16:04:40,257 - LSTM_Shakespeare.py - INFO:   expected output: 47 ('i')
2023-06-30 16:04:40,258 - LSTM_Shakespeare.py - INFO: Step    1
2023-06-30 16:04:40,258 - LSTM_Shakespeare.py - INFO:   input: 47 ('i')
2023-06-30 16:04:40,259 - LSTM_Shakespeare.py - INFO:   expected output: 56 ('r')
2023-06-30 16:04:40,260 - LSTM_Shakespeare.py - INFO: Step    2
2023-06-30 16:04:40,260 - LSTM_Shakespeare.py - INFO:   input: 56 ('r')
2023-06-30 16:04:40,261 - LSTM_Shakespeare.py - INFO:   expected output: 57 ('s')
2023-06-30 16:04:40,262 - LSTM_Shakespeare.py - INFO: Step    3
2023-06-30 16:04:40,262 - LSTM_Shakespeare.py - INFO:   input: 57 ('s')
2023-06-30 16:04:40,262 - LSTM_Shakespeare.py - INFO:   expected output: 58 ('t')
2023-06-30 16:04:40,263 - LSTM_Shakespeare.py - INFO: Step    4
2023-06-30 16:04:40,264 - LSTM_Shakespeare.py - INFO:   input: 58 ('t')
2023-06-30 16:04:40,264 - LSTM_Shakespeare.py - INFO:   expected output: 1 (' ')
2023-06-30 16:04:40,268 - deprecation.py - WARNING: From e:/BaiduNetdiskDownload/backup_6_20/home/wjz/Efficient_Data_Processing_with_Symmetrically_Encrypted_Neural_Networks/LSTM_Shakespeare.py:153: is_gpu_available (from tensorflow.python.framework.test_util) is deprecated and will be removed in a future version.
Instructions for updating:
Use `tf.config.list_physical_devices('GPU')` instead.
2023-06-30 16:04:50,104 - LSTM_Shakespeare.py - INFO: 
---------epoch 0 batch1,10 clients are in federated training

2023-06-30 16:04:50,105 - LSTM_Shakespeare.py - INFO: mode = batch_hash_encrypt
2023-06-30 16:04:50,105 - LSTM_Shakespeare.py - INFO: 10 clients are in federated training
2023-06-30 16:05:10,766 - LSTM_Shakespeare.py - INFO: train_time:20.65981
2023-06-30 16:05:14,217 - LSTM_Shakespeare.py - INFO: 量化时间：3.216486
2023-06-30 16:05:25,887 - LSTM_Shakespeare.py - INFO: 批处理时间：11.670272
2023-06-30 16:05:26,500 - LSTM_Shakespeare.py - INFO: 加密梯度时间：0.611221
2023-06-30 16:05:26,688 - LSTM_Shakespeare.py - INFO: 聚集时间：0.187161
2023-06-30 16:05:26,746 - LSTM_Shakespeare.py - INFO: 解密时间：0.056999
2023-06-30 16:05:27,978 - LSTM_Shakespeare.py - INFO: 去量化时间：1.232058
2023-06-30 16:05:28,530 - LSTM_Shakespeare.py - INFO: loss: 0.4173300862312317 	elapsed time: 17.450206756591797
2023-06-30 16:05:28,531 - LSTM_Shakespeare.py - INFO: Plaintext_size 153.41 MB
2023-06-30 16:05:28,532 - LSTM_Shakespeare.py - INFO: Ciphertext_size 104.33 MB
2023-06-30 16:05:28,535 - LSTM_Shakespeare.py - INFO: 
---------epoch 0 batch2,10 clients are in federated training

2023-06-30 16:05:28,547 - LSTM_Shakespeare.py - INFO: mode = batch_hash_encrypt
2023-06-30 16:05:28,550 - LSTM_Shakespeare.py - INFO: 10 clients are in federated training
2023-06-30 16:05:49,353 - LSTM_Shakespeare.py - INFO: train_time:20.77722
2023-06-30 16:05:52,723 - LSTM_Shakespeare.py - INFO: 量化时间：3.142210
2023-06-30 16:06:04,683 - LSTM_Shakespeare.py - INFO: 批处理时间：11.960182
2023-06-30 16:06:05,352 - LSTM_Shakespeare.py - INFO: 加密梯度时间：0.668999
