2023-06-30 16:41:36,679 - LSTM_Shakespeare.py - INFO: Length of text: 1115394 characters
2023-06-30 16:41:36,692 - LSTM_Shakespeare.py - INFO: 65 unique characters
2023-06-30 16:41:36,822 - LSTM_Shakespeare.py - INFO: {
2023-06-30 16:41:36,822 - LSTM_Shakespeare.py - INFO:   '\n':   0,
2023-06-30 16:41:36,823 - LSTM_Shakespeare.py - INFO:   ' ' :   1,
2023-06-30 16:41:36,823 - LSTM_Shakespeare.py - INFO:   '!' :   2,
2023-06-30 16:41:36,824 - LSTM_Shakespeare.py - INFO:   '$' :   3,
2023-06-30 16:41:36,824 - LSTM_Shakespeare.py - INFO:   '&' :   4,
2023-06-30 16:41:36,850 - LSTM_Shakespeare.py - INFO:   "'" :   5,
2023-06-30 16:41:36,850 - LSTM_Shakespeare.py - INFO:   ',' :   6,
2023-06-30 16:41:36,851 - LSTM_Shakespeare.py - INFO:   '-' :   7,
2023-06-30 16:41:36,851 - LSTM_Shakespeare.py - INFO:   '.' :   8,
2023-06-30 16:41:36,852 - LSTM_Shakespeare.py - INFO:   '3' :   9,
2023-06-30 16:41:36,852 - LSTM_Shakespeare.py - INFO:   ':' :  10,
2023-06-30 16:41:36,852 - LSTM_Shakespeare.py - INFO:   ';' :  11,
2023-06-30 16:41:36,853 - LSTM_Shakespeare.py - INFO:   '?' :  12,
2023-06-30 16:41:36,853 - LSTM_Shakespeare.py - INFO:   'A' :  13,
2023-06-30 16:41:36,853 - LSTM_Shakespeare.py - INFO:   'B' :  14,
2023-06-30 16:41:36,854 - LSTM_Shakespeare.py - INFO:   'C' :  15,
2023-06-30 16:41:36,854 - LSTM_Shakespeare.py - INFO:   'D' :  16,
2023-06-30 16:41:36,854 - LSTM_Shakespeare.py - INFO:   'E' :  17,
2023-06-30 16:41:36,855 - LSTM_Shakespeare.py - INFO:   'F' :  18,
2023-06-30 16:41:36,855 - LSTM_Shakespeare.py - INFO:   'G' :  19,
2023-06-30 16:41:36,855 - LSTM_Shakespeare.py - INFO:   ...
}
2023-06-30 16:41:36,856 - LSTM_Shakespeare.py - INFO: 'First Citizen' ---- characters mapped to int ---- > [18 47 56 57 58  1 15 47 58 47 64 43 52]
2023-06-30 16:41:36,883 - LSTM_Shakespeare.py - INFO: F
2023-06-30 16:41:36,883 - LSTM_Shakespeare.py - INFO: i
2023-06-30 16:41:36,884 - LSTM_Shakespeare.py - INFO: r
2023-06-30 16:41:36,884 - LSTM_Shakespeare.py - INFO: s
2023-06-30 16:41:36,885 - LSTM_Shakespeare.py - INFO: t
2023-06-30 16:41:36,897 - LSTM_Shakespeare.py - INFO: 'First Citizen:\nBefore we proceed any further, hear me speak.\n\nAll:\nSpeak, speak.\n\nFirst Citizen:\nYou '
2023-06-30 16:41:36,898 - LSTM_Shakespeare.py - INFO: 'are all resolved rather to die than to famish?\n\nAll:\nResolved. resolved.\n\nFirst Citizen:\nFirst, you k'
2023-06-30 16:41:36,898 - LSTM_Shakespeare.py - INFO: "now Caius Marcius is chief enemy to the people.\n\nAll:\nWe know't, we know't.\n\nFirst Citizen:\nLet us ki"
2023-06-30 16:41:36,899 - LSTM_Shakespeare.py - INFO: "ll him, and we'll have corn at our own price.\nIs't a verdict?\n\nAll:\nNo more talking on't; let it be d"
2023-06-30 16:41:36,899 - LSTM_Shakespeare.py - INFO: 'one: away, away!\n\nSecond Citizen:\nOne word, good citizens.\n\nFirst Citizen:\nWe are accounted poor citi'
2023-06-30 16:41:36,978 - LSTM_Shakespeare.py - INFO: Step    0
2023-06-30 16:41:36,979 - LSTM_Shakespeare.py - INFO:   input: 18 ('F')
2023-06-30 16:41:36,979 - LSTM_Shakespeare.py - INFO:   expected output: 47 ('i')
2023-06-30 16:41:36,980 - LSTM_Shakespeare.py - INFO: Step    1
2023-06-30 16:41:36,981 - LSTM_Shakespeare.py - INFO:   input: 47 ('i')
2023-06-30 16:41:36,981 - LSTM_Shakespeare.py - INFO:   expected output: 56 ('r')
2023-06-30 16:41:36,982 - LSTM_Shakespeare.py - INFO: Step    2
2023-06-30 16:41:36,982 - LSTM_Shakespeare.py - INFO:   input: 56 ('r')
2023-06-30 16:41:36,983 - LSTM_Shakespeare.py - INFO:   expected output: 57 ('s')
2023-06-30 16:41:36,983 - LSTM_Shakespeare.py - INFO: Step    3
2023-06-30 16:41:36,984 - LSTM_Shakespeare.py - INFO:   input: 57 ('s')
2023-06-30 16:41:36,984 - LSTM_Shakespeare.py - INFO:   expected output: 58 ('t')
2023-06-30 16:41:36,985 - LSTM_Shakespeare.py - INFO: Step    4
2023-06-30 16:41:36,985 - LSTM_Shakespeare.py - INFO:   input: 58 ('t')
2023-06-30 16:41:36,986 - LSTM_Shakespeare.py - INFO:   expected output: 1 (' ')
2023-06-30 16:41:36,989 - deprecation.py - WARNING: From e:/BaiduNetdiskDownload/backup_6_20/home/wjz/Efficient_Data_Processing_with_Symmetrically_Encrypted_Neural_Networks/LSTM_Shakespeare.py:153: is_gpu_available (from tensorflow.python.framework.test_util) is deprecated and will be removed in a future version.
Instructions for updating:
Use `tf.config.list_physical_devices('GPU')` instead.
2023-06-30 16:41:46,991 - LSTM_Shakespeare.py - INFO: 
---------epoch 0 batch1,10 clients are in federated training

2023-06-30 16:41:46,991 - LSTM_Shakespeare.py - INFO: mode = batch
2023-06-30 16:41:46,992 - LSTM_Shakespeare.py - INFO: 10 clients are in federated training
2023-06-30 16:42:06,615 - LSTM_Shakespeare.py - INFO: train_time:19.62351
2023-06-30 16:42:09,853 - LSTM_Shakespeare.py - INFO: 量化时间：3.041055
2023-06-30 16:42:25,426 - LSTM_Shakespeare.py - INFO: 批处理时间：15.572388
2023-06-30 16:43:53,546 - LSTM_Shakespeare.py - INFO: 加密梯度时间：88.119969
2023-06-30 16:43:53,551 - genernal.py - INFO: 全局梯度大小:_size 1.53 GB
2023-06-30 16:43:53,552 - LSTM_Shakespeare.py - INFO: 聚集时间：0.005002
