2023-06-28 00:28:44,080 - alexnet_cifar10.py - INFO: 100 clients building datasets.
2023-06-28 00:28:44,081 - alexnet_cifar10.py - INFO: 0 client has 500 data items.
2023-06-28 00:28:44,081 - alexnet_cifar10.py - INFO: 1 client has 500 data items.
2023-06-28 00:28:44,081 - alexnet_cifar10.py - INFO: 2 client has 500 data items.
2023-06-28 00:28:44,081 - alexnet_cifar10.py - INFO: 3 client has 500 data items.
2023-06-28 00:28:44,081 - alexnet_cifar10.py - INFO: 4 client has 500 data items.
2023-06-28 00:28:44,081 - alexnet_cifar10.py - INFO: 5 client has 500 data items.
2023-06-28 00:28:44,081 - alexnet_cifar10.py - INFO: 6 client has 500 data items.
2023-06-28 00:28:44,081 - alexnet_cifar10.py - INFO: 7 client has 500 data items.
2023-06-28 00:28:44,081 - alexnet_cifar10.py - INFO: 8 client has 500 data items.
2023-06-28 00:28:44,081 - alexnet_cifar10.py - INFO: 9 client has 500 data items.
2023-06-28 00:28:44,081 - alexnet_cifar10.py - INFO: 10 client has 500 data items.
2023-06-28 00:28:44,081 - alexnet_cifar10.py - INFO: 11 client has 500 data items.
2023-06-28 00:28:44,081 - alexnet_cifar10.py - INFO: 12 client has 500 data items.
2023-06-28 00:28:44,081 - alexnet_cifar10.py - INFO: 13 client has 500 data items.
2023-06-28 00:28:44,081 - alexnet_cifar10.py - INFO: 14 client has 500 data items.
2023-06-28 00:28:44,081 - alexnet_cifar10.py - INFO: 15 client has 500 data items.
2023-06-28 00:28:44,081 - alexnet_cifar10.py - INFO: 16 client has 500 data items.
2023-06-28 00:28:44,081 - alexnet_cifar10.py - INFO: 17 client has 500 data items.
2023-06-28 00:28:44,081 - alexnet_cifar10.py - INFO: 18 client has 500 data items.
2023-06-28 00:28:44,081 - alexnet_cifar10.py - INFO: 19 client has 500 data items.
2023-06-28 00:28:44,081 - alexnet_cifar10.py - INFO: 20 client has 500 data items.
2023-06-28 00:28:44,081 - alexnet_cifar10.py - INFO: 21 client has 500 data items.
2023-06-28 00:28:44,081 - alexnet_cifar10.py - INFO: 22 client has 500 data items.
2023-06-28 00:28:44,081 - alexnet_cifar10.py - INFO: 23 client has 500 data items.
2023-06-28 00:28:44,081 - alexnet_cifar10.py - INFO: 24 client has 500 data items.
2023-06-28 00:28:44,081 - alexnet_cifar10.py - INFO: 25 client has 500 data items.
2023-06-28 00:28:44,081 - alexnet_cifar10.py - INFO: 26 client has 500 data items.
2023-06-28 00:28:44,081 - alexnet_cifar10.py - INFO: 27 client has 500 data items.
2023-06-28 00:28:44,081 - alexnet_cifar10.py - INFO: 28 client has 500 data items.
2023-06-28 00:28:44,082 - alexnet_cifar10.py - INFO: 29 client has 500 data items.
2023-06-28 00:28:44,082 - alexnet_cifar10.py - INFO: 30 client has 500 data items.
2023-06-28 00:28:44,082 - alexnet_cifar10.py - INFO: 31 client has 500 data items.
2023-06-28 00:28:44,082 - alexnet_cifar10.py - INFO: 32 client has 500 data items.
2023-06-28 00:28:44,082 - alexnet_cifar10.py - INFO: 33 client has 500 data items.
2023-06-28 00:28:44,082 - alexnet_cifar10.py - INFO: 34 client has 500 data items.
2023-06-28 00:28:44,082 - alexnet_cifar10.py - INFO: 35 client has 500 data items.
2023-06-28 00:28:44,082 - alexnet_cifar10.py - INFO: 36 client has 500 data items.
2023-06-28 00:28:44,082 - alexnet_cifar10.py - INFO: 37 client has 500 data items.
2023-06-28 00:28:44,082 - alexnet_cifar10.py - INFO: 38 client has 500 data items.
2023-06-28 00:28:44,082 - alexnet_cifar10.py - INFO: 39 client has 500 data items.
2023-06-28 00:28:44,082 - alexnet_cifar10.py - INFO: 40 client has 500 data items.
2023-06-28 00:28:44,082 - alexnet_cifar10.py - INFO: 41 client has 500 data items.
2023-06-28 00:28:44,082 - alexnet_cifar10.py - INFO: 42 client has 500 data items.
2023-06-28 00:28:44,082 - alexnet_cifar10.py - INFO: 43 client has 500 data items.
2023-06-28 00:28:44,082 - alexnet_cifar10.py - INFO: 44 client has 500 data items.
2023-06-28 00:28:44,082 - alexnet_cifar10.py - INFO: 45 client has 500 data items.
2023-06-28 00:28:44,082 - alexnet_cifar10.py - INFO: 46 client has 500 data items.
2023-06-28 00:28:44,082 - alexnet_cifar10.py - INFO: 47 client has 500 data items.
2023-06-28 00:28:44,082 - alexnet_cifar10.py - INFO: 48 client has 500 data items.
2023-06-28 00:28:44,082 - alexnet_cifar10.py - INFO: 49 client has 500 data items.
2023-06-28 00:28:44,082 - alexnet_cifar10.py - INFO: 50 client has 500 data items.
2023-06-28 00:28:44,082 - alexnet_cifar10.py - INFO: 51 client has 500 data items.
2023-06-28 00:28:44,082 - alexnet_cifar10.py - INFO: 52 client has 500 data items.
2023-06-28 00:28:44,082 - alexnet_cifar10.py - INFO: 53 client has 500 data items.
2023-06-28 00:28:44,082 - alexnet_cifar10.py - INFO: 54 client has 500 data items.
2023-06-28 00:28:44,082 - alexnet_cifar10.py - INFO: 55 client has 500 data items.
2023-06-28 00:28:44,082 - alexnet_cifar10.py - INFO: 56 client has 500 data items.
2023-06-28 00:28:44,082 - alexnet_cifar10.py - INFO: 57 client has 500 data items.
2023-06-28 00:28:44,082 - alexnet_cifar10.py - INFO: 58 client has 500 data items.
2023-06-28 00:28:44,082 - alexnet_cifar10.py - INFO: 59 client has 500 data items.
2023-06-28 00:28:44,083 - alexnet_cifar10.py - INFO: 60 client has 500 data items.
2023-06-28 00:28:44,083 - alexnet_cifar10.py - INFO: 61 client has 500 data items.
2023-06-28 00:28:44,083 - alexnet_cifar10.py - INFO: 62 client has 500 data items.
2023-06-28 00:28:44,083 - alexnet_cifar10.py - INFO: 63 client has 500 data items.
2023-06-28 00:28:44,083 - alexnet_cifar10.py - INFO: 64 client has 500 data items.
2023-06-28 00:28:44,083 - alexnet_cifar10.py - INFO: 65 client has 500 data items.
2023-06-28 00:28:44,083 - alexnet_cifar10.py - INFO: 66 client has 500 data items.
2023-06-28 00:28:44,083 - alexnet_cifar10.py - INFO: 67 client has 500 data items.
2023-06-28 00:28:44,083 - alexnet_cifar10.py - INFO: 68 client has 500 data items.
2023-06-28 00:28:44,083 - alexnet_cifar10.py - INFO: 69 client has 500 data items.
2023-06-28 00:28:44,083 - alexnet_cifar10.py - INFO: 70 client has 500 data items.
2023-06-28 00:28:44,083 - alexnet_cifar10.py - INFO: 71 client has 500 data items.
2023-06-28 00:28:44,083 - alexnet_cifar10.py - INFO: 72 client has 500 data items.
2023-06-28 00:28:44,083 - alexnet_cifar10.py - INFO: 73 client has 500 data items.
2023-06-28 00:28:44,083 - alexnet_cifar10.py - INFO: 74 client has 500 data items.
2023-06-28 00:28:44,083 - alexnet_cifar10.py - INFO: 75 client has 500 data items.
2023-06-28 00:28:44,083 - alexnet_cifar10.py - INFO: 76 client has 500 data items.
2023-06-28 00:28:44,083 - alexnet_cifar10.py - INFO: 77 client has 500 data items.
2023-06-28 00:28:44,083 - alexnet_cifar10.py - INFO: 78 client has 500 data items.
2023-06-28 00:28:44,083 - alexnet_cifar10.py - INFO: 79 client has 500 data items.
2023-06-28 00:28:44,083 - alexnet_cifar10.py - INFO: 80 client has 500 data items.
2023-06-28 00:28:44,083 - alexnet_cifar10.py - INFO: 81 client has 500 data items.
2023-06-28 00:28:44,083 - alexnet_cifar10.py - INFO: 82 client has 500 data items.
2023-06-28 00:28:44,083 - alexnet_cifar10.py - INFO: 83 client has 500 data items.
2023-06-28 00:28:44,083 - alexnet_cifar10.py - INFO: 84 client has 500 data items.
2023-06-28 00:28:44,083 - alexnet_cifar10.py - INFO: 85 client has 500 data items.
2023-06-28 00:28:44,083 - alexnet_cifar10.py - INFO: 86 client has 500 data items.
2023-06-28 00:28:44,083 - alexnet_cifar10.py - INFO: 87 client has 500 data items.
2023-06-28 00:28:44,083 - alexnet_cifar10.py - INFO: 88 client has 500 data items.
2023-06-28 00:28:44,084 - alexnet_cifar10.py - INFO: 89 client has 500 data items.
2023-06-28 00:28:44,084 - alexnet_cifar10.py - INFO: 90 client has 500 data items.
2023-06-28 00:28:44,084 - alexnet_cifar10.py - INFO: 91 client has 500 data items.
2023-06-28 00:28:44,084 - alexnet_cifar10.py - INFO: 92 client has 500 data items.
2023-06-28 00:28:44,084 - alexnet_cifar10.py - INFO: 93 client has 500 data items.
2023-06-28 00:28:44,084 - alexnet_cifar10.py - INFO: 94 client has 500 data items.
2023-06-28 00:28:44,084 - alexnet_cifar10.py - INFO: 95 client has 500 data items.
2023-06-28 00:28:44,084 - alexnet_cifar10.py - INFO: 96 client has 500 data items.
2023-06-28 00:28:44,084 - alexnet_cifar10.py - INFO: 97 client has 500 data items.
2023-06-28 00:28:44,084 - alexnet_cifar10.py - INFO: 98 client has 500 data items.
2023-06-28 00:28:44,084 - alexnet_cifar10.py - INFO: 99 client has 500 data items.
2023-06-28 00:28:45,457 - deprecation.py - WARNING: From /home/wjz/anaconda3/envs/fl/lib/python3.8/site-packages/tensorflow/python/autograph/pyct/static_analysis/liveness.py:83: Analyzer.lamba_check (from tensorflow.python.autograph.pyct.static_analysis.liveness) is deprecated and will be removed after 2023-09-23.
Instructions for updating:
Lambda fuctions will be no more assumed to be used in the statement where they are used, or at least in the same block. https://github.com/tensorflow/tensorflow/issues/56089
2023-06-28 00:28:52,197 - alexnet_cifar10.py - INFO: 
---------epoch 0 batch1,100 clients are in federated training

2023-06-28 00:28:52,198 - alexnet_cifar10.py - INFO: mode = batch parallel_mode = pool
2023-06-28 00:28:59,489 - alexnet_cifar10.py - INFO: train_time:7.29069
